{"numFailedTestSuites":0,"numFailedTests":0,"numPassedTestSuites":7,"numPassedTests":39,"numPendingTestSuites":0,"numPendingTests":0,"numRuntimeErrorTestSuites":0,"numTodoTests":0,"numTotalTestSuites":7,"numTotalTests":39,"openHandles":[],"snapshot":{"added":0,"didUpdate":false,"failure":false,"filesAdded":0,"filesRemoved":0,"filesRemovedList":[],"filesUnmatched":0,"filesUpdated":0,"matched":0,"total":0,"unchecked":0,"uncheckedKeysByFile":[],"unmatched":0,"updated":0},"startTime":1768770790082,"success":true,"testResults":[{"assertionResults":[{"ancestorTitles":["VKM Service"],"duration":98,"failing":false,"failureDetails":[],"failureMessages":[],"fullName":"VKM Service should cover search, location, and credits filtering (Full Coverage)","invocations":1,"location":null,"numPassingAsserts":3,"retryReasons":[],"startAt":1768770810759,"status":"passed","title":"should cover search, location, and credits filtering (Full Coverage)"},{"ancestorTitles":["VKM Service"],"duration":5,"failing":false,"failureDetails":[],"failureMessages":[],"fullName":"VKM Service should return null for non-existent ID","invocations":1,"location":null,"numPassingAsserts":1,"retryReasons":[],"startAt":1768770810858,"status":"passed","title":"should return null for non-existent ID"}],"endTime":1768770811215,"message":"","name":"C:\\Users\\Storm\\source\\repos\\KeuzeKompasJohnMango\\react-server\\src\\test\\vkm.service.test.ts","startTime":1768770790728,"status":"passed","summary":""},{"assertionResults":[{"ancestorTitles":["Auth Service"],"duration":199,"failing":false,"failureDetails":[],"failureMessages":[],"fullName":"Auth Service should register a new user and hash the password","invocations":1,"location":null,"numPassingAsserts":3,"retryReasons":[],"startAt":1768770811536,"status":"passed","title":"should register a new user and hash the password"},{"ancestorTitles":["Auth Service"],"duration":98,"failing":false,"failureDetails":[],"failureMessages":[],"fullName":"Auth Service should throw an error if email is already in use","invocations":1,"location":null,"numPassingAsserts":1,"retryReasons":[],"startAt":1768770811736,"status":"passed","title":"should throw an error if email is already in use"},{"ancestorTitles":["Auth Service"],"duration":156,"failing":false,"failureDetails":[],"failureMessages":[],"fullName":"Auth Service should login successfully with correct credentials","invocations":1,"location":null,"numPassingAsserts":2,"retryReasons":[],"startAt":1768770811834,"status":"passed","title":"should login successfully with correct credentials"},{"ancestorTitles":["Auth Service"],"duration":127,"failing":false,"failureDetails":[],"failureMessages":[],"fullName":"Auth Service should manage user favorites correctly","invocations":1,"location":null,"numPassingAsserts":1,"retryReasons":[],"startAt":1768770811990,"status":"passed","title":"should manage user favorites correctly"},{"ancestorTitles":["Auth Service - Edge Cases & Unhappy Paths","validateUserInput"],"duration":5,"failing":false,"failureDetails":[],"failureMessages":[],"fullName":"Auth Service - Edge Cases & Unhappy Paths validateUserInput should throw error for short usernames","invocations":1,"location":null,"numPassingAsserts":1,"retryReasons":[],"startAt":1768770812117,"status":"passed","title":"should throw error for short usernames"},{"ancestorTitles":["Auth Service - Edge Cases & Unhappy Paths","validateUserInput"],"duration":4,"failing":false,"failureDetails":[],"failureMessages":[],"fullName":"Auth Service - Edge Cases & Unhappy Paths validateUserInput should throw error for invalid emails","invocations":1,"location":null,"numPassingAsserts":1,"retryReasons":[],"startAt":1768770812122,"status":"passed","title":"should throw error for invalid emails"},{"ancestorTitles":["Auth Service - Edge Cases & Unhappy Paths","validateUserInput"],"duration":4,"failing":false,"failureDetails":[],"failureMessages":[],"fullName":"Auth Service - Edge Cases & Unhappy Paths validateUserInput should throw error for weak passwords","invocations":1,"location":null,"numPassingAsserts":1,"retryReasons":[],"startAt":1768770812126,"status":"passed","title":"should throw error for weak passwords"},{"ancestorTitles":["Auth Service - Edge Cases & Unhappy Paths","Login Logic"],"duration":5,"failing":false,"failureDetails":[],"failureMessages":[],"fullName":"Auth Service - Edge Cases & Unhappy Paths Login Logic should throw error if user does not exist","invocations":1,"location":null,"numPassingAsserts":1,"retryReasons":[],"startAt":1768770812130,"status":"passed","title":"should throw error if user does not exist"},{"ancestorTitles":["Auth Service - Edge Cases & Unhappy Paths","Login Logic"],"duration":240,"failing":false,"failureDetails":[],"failureMessages":[],"fullName":"Auth Service - Edge Cases & Unhappy Paths Login Logic should throw error for incorrect password","invocations":1,"location":null,"numPassingAsserts":1,"retryReasons":[],"startAt":1768770812135,"status":"passed","title":"should throw error for incorrect password"},{"ancestorTitles":["Auth Service - Edge Cases & Unhappy Paths","Favorites Logic"],"duration":143,"failing":false,"failureDetails":[],"failureMessages":[],"fullName":"Auth Service - Edge Cases & Unhappy Paths Favorites Logic should throw error when adding a non-existent VKM","invocations":1,"location":null,"numPassingAsserts":1,"retryReasons":[],"startAt":1768770812375,"status":"passed","title":"should throw error when adding a non-existent VKM"},{"ancestorTitles":["Auth Service - Edge Cases & Unhappy Paths","Recommendations Logic"],"duration":92,"failing":false,"failureDetails":[],"failureMessages":[],"fullName":"Auth Service - Edge Cases & Unhappy Paths Recommendations Logic should return empty array if user has no profile and no favorites","invocations":1,"location":null,"numPassingAsserts":1,"retryReasons":[],"startAt":1768770812518,"status":"passed","title":"should return empty array if user has no profile and no favorites"}],"endTime":1768770813273,"message":"","name":"C:\\Users\\Storm\\source\\repos\\KeuzeKompasJohnMango\\react-server\\src\\test\\auth.service.test.ts","startTime":1768770790728,"status":"passed","summary":""},{"assertionResults":[{"ancestorTitles":["VKM Controller"],"duration":111,"failing":false,"failureDetails":[],"failureMessages":[],"fullName":"VKM Controller GET /api/vkms - should return list of vkms","invocations":1,"location":null,"numPassingAsserts":3,"retryReasons":[],"startAt":1768770814441,"status":"passed","title":"GET /api/vkms - should return list of vkms"},{"ancestorTitles":["VKM Controller"],"duration":11,"failing":false,"failureDetails":[],"failureMessages":[],"fullName":"VKM Controller GET /api/vkms/:id - should return 400 for invalid ID","invocations":1,"location":null,"numPassingAsserts":2,"retryReasons":[],"startAt":1768770814553,"status":"passed","title":"GET /api/vkms/:id - should return 400 for invalid ID"},{"ancestorTitles":["VKM Controller"],"duration":14,"failing":false,"failureDetails":[],"failureMessages":[],"fullName":"VKM Controller GET /api/vkms/:id - should return 404 for non-existent ID","invocations":1,"location":null,"numPassingAsserts":1,"retryReasons":[],"startAt":1768770814564,"status":"passed","title":"GET /api/vkms/:id - should return 404 for non-existent ID"}],"endTime":1768770814975,"message":"","name":"C:\\Users\\Storm\\source\\repos\\KeuzeKompasJohnMango\\react-server\\src\\test\\vkm.controller.test.ts","startTime":1768770790728,"status":"passed","summary":""},{"assertionResults":[{"ancestorTitles":["Auth Controller","POST /api/auth/register"],"duration":210,"failing":false,"failureDetails":[],"failureMessages":[],"fullName":"Auth Controller POST /api/auth/register should return 201 on successful registration","invocations":1,"location":null,"numPassingAsserts":2,"retryReasons":[],"startAt":1768770816754,"status":"passed","title":"should return 201 on successful registration"},{"ancestorTitles":["Auth Controller","POST /api/auth/register"],"duration":7,"failing":false,"failureDetails":[],"failureMessages":[],"fullName":"Auth Controller POST /api/auth/register should return 400 if fields are missing","invocations":1,"location":null,"numPassingAsserts":2,"retryReasons":[],"startAt":1768770816965,"status":"passed","title":"should return 400 if fields are missing"},{"ancestorTitles":["Auth Controller","GET /api/auth/me"],"duration":8,"failing":false,"failureDetails":[],"failureMessages":[],"fullName":"Auth Controller GET /api/auth/me should return 401 if no token is provided","invocations":1,"location":null,"numPassingAsserts":2,"retryReasons":[],"startAt":1768770816972,"status":"passed","title":"should return 401 if no token is provided"},{"ancestorTitles":["Auth Controller","GET /api/auth/me"],"duration":25,"failing":false,"failureDetails":[],"failureMessages":[],"fullName":"Auth Controller GET /api/auth/me should return 200 when user exists in DB","invocations":1,"location":null,"numPassingAsserts":1,"retryReasons":[],"startAt":1768770816981,"status":"passed","title":"should return 200 when user exists in DB"},{"ancestorTitles":["Auth Controller - Integration Tests","POST /api/auth/login"],"duration":11,"failing":false,"failureDetails":[],"failureMessages":[],"fullName":"Auth Controller - Integration Tests POST /api/auth/login should return 400 for wrong credentials","invocations":1,"location":null,"numPassingAsserts":2,"retryReasons":[],"startAt":1768770817006,"status":"passed","title":"should return 400 for wrong credentials"},{"ancestorTitles":["Auth Controller - Integration Tests","DELETE /api/auth/me"],"duration":15,"failing":false,"failureDetails":[],"failureMessages":[],"fullName":"Auth Controller - Integration Tests DELETE /api/auth/me should delete user account when authenticated","invocations":1,"location":null,"numPassingAsserts":3,"retryReasons":[],"startAt":1768770817017,"status":"passed","title":"should delete user account when authenticated"},{"ancestorTitles":["Auth Controller - Integration Tests","POST /api/auth/users/favorites/:vkmId"],"duration":8,"failing":false,"failureDetails":[],"failureMessages":[],"fullName":"Auth Controller - Integration Tests POST /api/auth/users/favorites/:vkmId should return 400 for invalid ObjectId format","invocations":1,"location":null,"numPassingAsserts":2,"retryReasons":[],"startAt":1768770817033,"status":"passed","title":"should return 400 for invalid ObjectId format"},{"ancestorTitles":["Auth Controller - Integration Tests","PUT /api/auth/profile"],"duration":23,"failing":false,"failureDetails":[],"failureMessages":[],"fullName":"Auth Controller - Integration Tests PUT /api/auth/profile should update profile interests","invocations":1,"location":null,"numPassingAsserts":2,"retryReasons":[],"startAt":1768770817041,"status":"passed","title":"should update profile interests"}],"endTime":1768770817438,"message":"","name":"C:\\Users\\Storm\\source\\repos\\KeuzeKompasJohnMango\\react-server\\src\\test\\auth.controller.test.ts","startTime":1768770811239,"status":"passed","summary":""},{"assertionResults":[{"ancestorTitles":["VkmsMongoRepository","getById()"],"duration":55,"failing":false,"failureDetails":[],"failureMessages":[],"fullName":"VkmsMongoRepository getById() returns vkm by id","invocations":1,"location":null,"numPassingAsserts":2,"retryReasons":[],"startAt":1768770817277,"status":"passed","title":"returns vkm by id"},{"ancestorTitles":["VkmsMongoRepository","getById()"],"duration":1,"failing":false,"failureDetails":[],"failureMessages":[],"fullName":"VkmsMongoRepository getById() returns null for invalid id","invocations":1,"location":null,"numPassingAsserts":1,"retryReasons":[],"startAt":1768770817333,"status":"passed","title":"returns null for invalid id"},{"ancestorTitles":["VkmsMongoRepository","getAll()"],"duration":11,"failing":false,"failureDetails":[],"failureMessages":[],"fullName":"VkmsMongoRepository getAll() returns paginated results","invocations":1,"location":null,"numPassingAsserts":2,"retryReasons":[],"startAt":1768770817335,"status":"passed","title":"returns paginated results"},{"ancestorTitles":["VkmsMongoRepository","getAll()"],"duration":9,"failing":false,"failureDetails":[],"failureMessages":[],"fullName":"VkmsMongoRepository getAll() supports filtering","invocations":1,"location":null,"numPassingAsserts":2,"retryReasons":[],"startAt":1768770817347,"status":"passed","title":"supports filtering"}],"endTime":1768770817906,"message":"","name":"C:\\Users\\Storm\\source\\repos\\KeuzeKompasJohnMango\\react-server\\src\\test\\repositories\\VkmsMongoRepository.spec.ts","startTime":1768770813330,"status":"passed","summary":""},{"assertionResults":[{"ancestorTitles":["Auth Middleware"],"duration":17,"failing":false,"failureDetails":[],"failureMessages":[],"fullName":"Auth Middleware should reject invalid API keys","invocations":1,"location":null,"numPassingAsserts":1,"retryReasons":[],"startAt":1768770819936,"status":"passed","title":"should reject invalid API keys"},{"ancestorTitles":["Auth Middleware"],"duration":3,"failing":false,"failureDetails":[],"failureMessages":[],"fullName":"Auth Middleware should reject expired/invalid JWTs","invocations":1,"location":null,"numPassingAsserts":1,"retryReasons":[],"startAt":1768770819954,"status":"passed","title":"should reject expired/invalid JWTs"}],"endTime":1768770820206,"message":"","name":"C:\\Users\\Storm\\source\\repos\\KeuzeKompasJohnMango\\react-server\\src\\test\\middleware.test.ts","startTime":1768770817508,"status":"passed","summary":""},{"assertionResults":[{"ancestorTitles":["UserMongoRepository","create()"],"duration":56,"failing":false,"failureDetails":[],"failureMessages":[],"fullName":"UserMongoRepository create() should create and return a user","invocations":1,"location":null,"numPassingAsserts":2,"retryReasons":[],"startAt":1768770820366,"status":"passed","title":"should create and return a user"},{"ancestorTitles":["UserMongoRepository","getByEmail()"],"duration":21,"failing":false,"failureDetails":[],"failureMessages":[],"fullName":"UserMongoRepository getByEmail() should return user by email","invocations":1,"location":null,"numPassingAsserts":2,"retryReasons":[],"startAt":1768770820423,"status":"passed","title":"should return user by email"},{"ancestorTitles":["UserMongoRepository","getByEmail()"],"duration":12,"failing":false,"failureDetails":[],"failureMessages":[],"fullName":"UserMongoRepository getByEmail() should return null if user not found","invocations":1,"location":null,"numPassingAsserts":1,"retryReasons":[],"startAt":1768770820445,"status":"passed","title":"should return null if user not found"},{"ancestorTitles":["UserMongoRepository","getById()"],"duration":27,"failing":false,"failureDetails":[],"failureMessages":[],"fullName":"UserMongoRepository getById() should return user by id","invocations":1,"location":null,"numPassingAsserts":2,"retryReasons":[],"startAt":1768770820457,"status":"passed","title":"should return user by id"},{"ancestorTitles":["UserMongoRepository","update()"],"duration":17,"failing":false,"failureDetails":[],"failureMessages":[],"fullName":"UserMongoRepository update() should update user fields","invocations":1,"location":null,"numPassingAsserts":1,"retryReasons":[],"startAt":1768770820484,"status":"passed","title":"should update user fields"},{"ancestorTitles":["UserMongoRepository","update()"],"duration":16,"failing":false,"failureDetails":[],"failureMessages":[],"fullName":"UserMongoRepository update() should update nested profile without overwrite","invocations":1,"location":null,"numPassingAsserts":2,"retryReasons":[],"startAt":1768770820501,"status":"passed","title":"should update nested profile without overwrite"},{"ancestorTitles":["UserMongoRepository","favorites"],"duration":40,"failing":false,"failureDetails":[],"failureMessages":[],"fullName":"UserMongoRepository favorites should add and remove favorites","invocations":1,"location":null,"numPassingAsserts":2,"retryReasons":[],"startAt":1768770820518,"status":"passed","title":"should add and remove favorites"},{"ancestorTitles":["UserMongoRepository","favorites"],"duration":12,"failing":false,"failureDetails":[],"failureMessages":[],"fullName":"UserMongoRepository favorites should throw on invalid vkm id","invocations":1,"location":null,"numPassingAsserts":1,"retryReasons":[],"startAt":1768770820558,"status":"passed","title":"should throw on invalid vkm id"},{"ancestorTitles":["UserMongoRepository","delete()"],"duration":15,"failing":false,"failureDetails":[],"failureMessages":[],"fullName":"UserMongoRepository delete() should delete user","invocations":1,"location":null,"numPassingAsserts":1,"retryReasons":[],"startAt":1768770820571,"status":"passed","title":"should delete user"}],"endTime":1768770820881,"message":"","name":"C:\\Users\\Storm\\source\\repos\\KeuzeKompasJohnMango\\react-server\\src\\test\\repositories\\UserMongoRepository.spec.ts","startTime":1768770815213,"status":"passed","summary":""}],"wasInterrupted":false,"coverageMap":{"C:\\Users\\Storm\\source\\repos\\KeuzeKompasJohnMango\\react-server\\src\\application\\admin\\admin.controller.ts":{"path":"C:\\Users\\Storm\\source\\repos\\KeuzeKompasJohnMango\\react-server\\src\\application\\admin\\admin.controller.ts","all":false,"statementMap":{"0":{"start":{"line":1,"column":0},"end":{"line":1,"column":44}},"1":{"start":{"line":2,"column":0},"end":{"line":2,"column":73}},"2":{"start":{"line":3,"column":0},"end":{"line":3,"column":0}},"3":{"start":{"line":4,"column":0},"end":{"line":4,"column":3}},"4":{"start":{"line":5,"column":0},"end":{"line":5,"column":19}},"5":{"start":{"line":6,"column":0},"end":{"line":6,"column":3}},"6":{"start":{"line":7,"column":0},"end":{"line":7,"column":65}},"7":{"start":{"line":8,"column":0},"end":{"line":8,"column":74}},"8":{"start":{"line":9,"column":0},"end":{"line":9,"column":24}},"9":{"start":{"line":10,"column":0},"end":{"line":10,"column":2}},"10":{"start":{"line":11,"column":0},"end":{"line":11,"column":0}},"11":{"start":{"line":12,"column":0},"end":{"line":12,"column":3}},"12":{"start":{"line":13,"column":0},"end":{"line":13,"column":29}},"13":{"start":{"line":14,"column":0},"end":{"line":14,"column":3}},"14":{"start":{"line":15,"column":0},"end":{"line":15,"column":71}},"15":{"start":{"line":16,"column":0},"end":{"line":16,"column":31}},"16":{"start":{"line":17,"column":0},"end":{"line":17,"column":54}},"17":{"start":{"line":18,"column":0},"end":{"line":18,"column":22}},"18":{"start":{"line":19,"column":0},"end":{"line":19,"column":18}},"19":{"start":{"line":20,"column":0},"end":{"line":20,"column":21}},"20":{"start":{"line":21,"column":0},"end":{"line":21,"column":13}},"21":{"start":{"line":22,"column":0},"end":{"line":22,"column":0}},"22":{"start":{"line":23,"column":0},"end":{"line":23,"column":32}},"23":{"start":{"line":24,"column":0},"end":{"line":24,"column":2}},"24":{"start":{"line":25,"column":0},"end":{"line":25,"column":0}},"25":{"start":{"line":26,"column":0},"end":{"line":26,"column":3}},"26":{"start":{"line":27,"column":0},"end":{"line":27,"column":25}},"27":{"start":{"line":28,"column":0},"end":{"line":28,"column":3}},"28":{"start":{"line":29,"column":0},"end":{"line":29,"column":67}},"29":{"start":{"line":30,"column":0},"end":{"line":30,"column":46}},"30":{"start":{"line":31,"column":0},"end":{"line":31,"column":47}},"31":{"start":{"line":32,"column":0},"end":{"line":32,"column":2}},"32":{"start":{"line":33,"column":0},"end":{"line":33,"column":0}},"33":{"start":{"line":34,"column":0},"end":{"line":34,"column":3}},"34":{"start":{"line":35,"column":0},"end":{"line":35,"column":30}},"35":{"start":{"line":36,"column":0},"end":{"line":36,"column":3}},"36":{"start":{"line":37,"column":0},"end":{"line":37,"column":69}},"37":{"start":{"line":38,"column":0},"end":{"line":38,"column":18}},"38":{"start":{"line":39,"column":0},"end":{"line":39,"column":39}},"39":{"start":{"line":40,"column":0},"end":{"line":40,"column":2}}},"s":{"0":1,"1":1,"2":1,"3":1,"4":1,"5":1,"6":1,"7":0,"8":0,"9":0,"10":1,"11":1,"12":1,"13":1,"14":1,"15":0,"16":0,"17":0,"18":0,"19":0,"20":0,"21":0,"22":0,"23":0,"24":1,"25":1,"26":1,"27":1,"28":1,"29":0,"30":0,"31":0,"32":1,"33":1,"34":1,"35":1,"36":1,"37":0,"38":0,"39":0},"branchMap":{},"b":{},"fnMap":{"0":{"name":"getAllUsers","decl":{"start":{"line":7,"column":27},"end":{"line":10,"column":2}},"loc":{"start":{"line":7,"column":27},"end":{"line":10,"column":2}},"line":7},"1":{"name":"updateUserRoles","decl":{"start":{"line":15,"column":31},"end":{"line":24,"column":2}},"loc":{"start":{"line":15,"column":31},"end":{"line":24,"column":2}},"line":15},"2":{"name":"retrainModels","decl":{"start":{"line":29,"column":29},"end":{"line":32,"column":2}},"loc":{"start":{"line":29,"column":29},"end":{"line":32,"column":2}},"line":29},"3":{"name":"getTrainingData","decl":{"start":{"line":37,"column":31},"end":{"line":40,"column":2}},"loc":{"start":{"line":37,"column":31},"end":{"line":40,"column":2}},"line":37}},"f":{"0":0,"1":0,"2":0,"3":0}},"C:\\Users\\Storm\\source\\repos\\KeuzeKompasJohnMango\\react-server\\src\\application\\admin\\admin.routes.ts":{"path":"C:\\Users\\Storm\\source\\repos\\KeuzeKompasJohnMango\\react-server\\src\\application\\admin\\admin.routes.ts","all":false,"statementMap":{"0":{"start":{"line":1,"column":0},"end":{"line":1,"column":33}},"1":{"start":{"line":2,"column":0},"end":{"line":2,"column":72}},"2":{"start":{"line":3,"column":0},"end":{"line":3,"column":64}},"3":{"start":{"line":4,"column":0},"end":{"line":4,"column":54}},"4":{"start":{"line":5,"column":0},"end":{"line":5,"column":0}},"5":{"start":{"line":6,"column":0},"end":{"line":6,"column":24}},"6":{"start":{"line":7,"column":0},"end":{"line":7,"column":0}},"7":{"start":{"line":8,"column":0},"end":{"line":8,"column":55}},"8":{"start":{"line":9,"column":0},"end":{"line":9,"column":0}},"9":{"start":{"line":10,"column":0},"end":{"line":10,"column":50}},"10":{"start":{"line":11,"column":0},"end":{"line":11,"column":64}},"11":{"start":{"line":12,"column":0},"end":{"line":12,"column":0}},"12":{"start":{"line":13,"column":0},"end":{"line":13,"column":58}},"13":{"start":{"line":14,"column":0},"end":{"line":14,"column":65}},"14":{"start":{"line":15,"column":0},"end":{"line":15,"column":0}},"15":{"start":{"line":16,"column":0},"end":{"line":16,"column":22}}},"s":{"0":1,"1":1,"2":1,"3":1,"4":1,"5":1,"6":1,"7":1,"8":1,"9":1,"10":1,"11":1,"12":1,"13":1,"14":1,"15":1},"branchMap":{},"b":{},"fnMap":{},"f":{}},"C:\\Users\\Storm\\source\\repos\\KeuzeKompasJohnMango\\react-server\\src\\application\\auth\\auth.controller.ts":{"path":"C:\\Users\\Storm\\source\\repos\\KeuzeKompasJohnMango\\react-server\\src\\application\\auth\\auth.controller.ts","all":false,"statementMap":{"0":{"start":{"line":1,"column":0},"end":{"line":1,"column":42}},"1":{"start":{"line":2,"column":0},"end":{"line":2,"column":46}},"2":{"start":{"line":3,"column":0},"end":{"line":3,"column":61}},"3":{"start":{"line":4,"column":0},"end":{"line":4,"column":66}},"4":{"start":{"line":5,"column":0},"end":{"line":5,"column":31}},"5":{"start":{"line":6,"column":0},"end":{"line":6,"column":0}},"6":{"start":{"line":7,"column":0},"end":{"line":7,"column":9}},"7":{"start":{"line":8,"column":0},"end":{"line":8,"column":60}},"8":{"start":{"line":9,"column":0},"end":{"line":9,"column":20}},"9":{"start":{"line":10,"column":0},"end":{"line":10,"column":40}},"10":{"start":{"line":11,"column":0},"end":{"line":11,"column":5}},"11":{"start":{"line":12,"column":0},"end":{"line":12,"column":0}},"12":{"start":{"line":13,"column":0},"end":{"line":13,"column":35}},"13":{"start":{"line":14,"column":0},"end":{"line":14,"column":27}},"14":{"start":{"line":15,"column":0},"end":{"line":15,"column":5}},"15":{"start":{"line":16,"column":0},"end":{"line":16,"column":0}},"16":{"start":{"line":17,"column":0},"end":{"line":17,"column":45}},"17":{"start":{"line":18,"column":0},"end":{"line":18,"column":2}},"18":{"start":{"line":19,"column":0},"end":{"line":19,"column":0}},"19":{"start":{"line":20,"column":0},"end":{"line":20,"column":0}},"20":{"start":{"line":21,"column":0},"end":{"line":21,"column":64}},"21":{"start":{"line":22,"column":0},"end":{"line":22,"column":49}},"22":{"start":{"line":23,"column":0},"end":{"line":23,"column":0}},"23":{"start":{"line":24,"column":0},"end":{"line":24,"column":41}},"24":{"start":{"line":25,"column":0},"end":{"line":25,"column":68}},"25":{"start":{"line":26,"column":0},"end":{"line":26,"column":0}},"26":{"start":{"line":27,"column":0},"end":{"line":27,"column":9}},"27":{"start":{"line":28,"column":0},"end":{"line":28,"column":81}},"28":{"start":{"line":29,"column":0},"end":{"line":29,"column":30}},"29":{"start":{"line":30,"column":0},"end":{"line":30,"column":45}},"30":{"start":{"line":31,"column":0},"end":{"line":31,"column":36}},"31":{"start":{"line":32,"column":0},"end":{"line":32,"column":11}},"32":{"start":{"line":33,"column":0},"end":{"line":33,"column":24}},"33":{"start":{"line":34,"column":0},"end":{"line":34,"column":51}},"34":{"start":{"line":35,"column":0},"end":{"line":35,"column":5}},"35":{"start":{"line":36,"column":0},"end":{"line":36,"column":2}},"36":{"start":{"line":37,"column":0},"end":{"line":37,"column":0}},"37":{"start":{"line":38,"column":0},"end":{"line":38,"column":61}},"38":{"start":{"line":39,"column":0},"end":{"line":39,"column":39}},"39":{"start":{"line":40,"column":0},"end":{"line":40,"column":9}},"40":{"start":{"line":41,"column":0},"end":{"line":41,"column":71}},"41":{"start":{"line":42,"column":0},"end":{"line":42,"column":32}},"42":{"start":{"line":43,"column":0},"end":{"line":43,"column":24}},"43":{"start":{"line":44,"column":0},"end":{"line":44,"column":51}},"44":{"start":{"line":45,"column":0},"end":{"line":45,"column":5}},"45":{"start":{"line":46,"column":0},"end":{"line":46,"column":2}},"46":{"start":{"line":47,"column":0},"end":{"line":47,"column":0}},"47":{"start":{"line":48,"column":0},"end":{"line":48,"column":70}},"48":{"start":{"line":49,"column":0},"end":{"line":49,"column":31}},"49":{"start":{"line":50,"column":0},"end":{"line":50,"column":0}},"50":{"start":{"line":51,"column":0},"end":{"line":51,"column":19}},"51":{"start":{"line":52,"column":0},"end":{"line":52,"column":64}},"52":{"start":{"line":53,"column":0},"end":{"line":53,"column":5}},"53":{"start":{"line":54,"column":0},"end":{"line":54,"column":0}},"54":{"start":{"line":55,"column":0},"end":{"line":55,"column":9}},"55":{"start":{"line":56,"column":0},"end":{"line":56,"column":69}},"56":{"start":{"line":57,"column":0},"end":{"line":57,"column":25}},"57":{"start":{"line":58,"column":0},"end":{"line":58,"column":24}},"58":{"start":{"line":59,"column":0},"end":{"line":59,"column":27}},"59":{"start":{"line":60,"column":0},"end":{"line":60,"column":51}},"60":{"start":{"line":61,"column":0},"end":{"line":61,"column":5}},"61":{"start":{"line":62,"column":0},"end":{"line":62,"column":2}},"62":{"start":{"line":63,"column":0},"end":{"line":63,"column":0}},"63":{"start":{"line":64,"column":0},"end":{"line":64,"column":0}},"64":{"start":{"line":65,"column":0},"end":{"line":65,"column":65}},"65":{"start":{"line":66,"column":0},"end":{"line":66,"column":9}},"66":{"start":{"line":67,"column":0},"end":{"line":67,"column":72}},"67":{"start":{"line":68,"column":0},"end":{"line":68,"column":37}},"68":{"start":{"line":69,"column":0},"end":{"line":69,"column":24}},"69":{"start":{"line":70,"column":0},"end":{"line":70,"column":51}},"70":{"start":{"line":71,"column":0},"end":{"line":71,"column":5}},"71":{"start":{"line":72,"column":0},"end":{"line":72,"column":2}},"72":{"start":{"line":73,"column":0},"end":{"line":73,"column":0}},"73":{"start":{"line":74,"column":0},"end":{"line":74,"column":68}},"74":{"start":{"line":75,"column":0},"end":{"line":75,"column":49}},"75":{"start":{"line":76,"column":0},"end":{"line":76,"column":9}},"76":{"start":{"line":77,"column":0},"end":{"line":77,"column":55}},"77":{"start":{"line":78,"column":0},"end":{"line":78,"column":38}},"78":{"start":{"line":79,"column":0},"end":{"line":79,"column":21}},"79":{"start":{"line":80,"column":0},"end":{"line":80,"column":18}},"80":{"start":{"line":81,"column":0},"end":{"line":81,"column":20}},"81":{"start":{"line":82,"column":0},"end":{"line":82,"column":10}},"82":{"start":{"line":83,"column":0},"end":{"line":83,"column":0}},"83":{"start":{"line":84,"column":0},"end":{"line":84,"column":18}},"84":{"start":{"line":85,"column":0},"end":{"line":85,"column":44}},"85":{"start":{"line":86,"column":0},"end":{"line":86,"column":43}},"86":{"start":{"line":87,"column":0},"end":{"line":87,"column":11}},"87":{"start":{"line":88,"column":0},"end":{"line":88,"column":0}},"88":{"start":{"line":89,"column":0},"end":{"line":89,"column":24}},"89":{"start":{"line":90,"column":0},"end":{"line":90,"column":51}},"90":{"start":{"line":91,"column":0},"end":{"line":91,"column":5}},"91":{"start":{"line":92,"column":0},"end":{"line":92,"column":2}},"92":{"start":{"line":93,"column":0},"end":{"line":93,"column":0}},"93":{"start":{"line":94,"column":0},"end":{"line":94,"column":68}},"94":{"start":{"line":95,"column":0},"end":{"line":95,"column":9}},"95":{"start":{"line":96,"column":0},"end":{"line":96,"column":62}},"96":{"start":{"line":97,"column":0},"end":{"line":97,"column":50}},"97":{"start":{"line":98,"column":0},"end":{"line":98,"column":24}},"98":{"start":{"line":99,"column":0},"end":{"line":99,"column":51}},"99":{"start":{"line":100,"column":0},"end":{"line":100,"column":5}},"100":{"start":{"line":101,"column":0},"end":{"line":101,"column":2}},"101":{"start":{"line":102,"column":0},"end":{"line":102,"column":0}},"102":{"start":{"line":103,"column":0},"end":{"line":103,"column":71}},"103":{"start":{"line":104,"column":0},"end":{"line":104,"column":45}},"104":{"start":{"line":105,"column":0},"end":{"line":105,"column":31}},"105":{"start":{"line":106,"column":0},"end":{"line":106,"column":0}},"106":{"start":{"line":107,"column":0},"end":{"line":107,"column":31}},"107":{"start":{"line":108,"column":0},"end":{"line":108,"column":68}},"108":{"start":{"line":109,"column":0},"end":{"line":109,"column":5}},"109":{"start":{"line":110,"column":0},"end":{"line":110,"column":0}},"110":{"start":{"line":111,"column":0},"end":{"line":111,"column":0}},"111":{"start":{"line":112,"column":0},"end":{"line":112,"column":41}},"112":{"start":{"line":113,"column":0},"end":{"line":113,"column":81}},"113":{"start":{"line":114,"column":0},"end":{"line":114,"column":5}},"114":{"start":{"line":115,"column":0},"end":{"line":115,"column":0}},"115":{"start":{"line":116,"column":0},"end":{"line":116,"column":9}},"116":{"start":{"line":117,"column":0},"end":{"line":117,"column":73}},"117":{"start":{"line":118,"column":0},"end":{"line":118,"column":53}},"118":{"start":{"line":119,"column":0},"end":{"line":119,"column":0}},"119":{"start":{"line":120,"column":0},"end":{"line":120,"column":18}},"120":{"start":{"line":121,"column":0},"end":{"line":121,"column":52}},"121":{"start":{"line":122,"column":0},"end":{"line":122,"column":44}},"122":{"start":{"line":123,"column":0},"end":{"line":123,"column":11}},"123":{"start":{"line":124,"column":0},"end":{"line":124,"column":24}},"124":{"start":{"line":125,"column":0},"end":{"line":125,"column":51}},"125":{"start":{"line":126,"column":0},"end":{"line":126,"column":5}},"126":{"start":{"line":127,"column":0},"end":{"line":127,"column":2}},"127":{"start":{"line":128,"column":0},"end":{"line":128,"column":0}},"128":{"start":{"line":129,"column":0},"end":{"line":129,"column":0}},"129":{"start":{"line":130,"column":0},"end":{"line":130,"column":74}},"130":{"start":{"line":131,"column":0},"end":{"line":131,"column":45}},"131":{"start":{"line":132,"column":0},"end":{"line":132,"column":31}},"132":{"start":{"line":133,"column":0},"end":{"line":133,"column":31}},"133":{"start":{"line":134,"column":0},"end":{"line":134,"column":68}},"134":{"start":{"line":135,"column":0},"end":{"line":135,"column":5}},"135":{"start":{"line":136,"column":0},"end":{"line":136,"column":41}},"136":{"start":{"line":137,"column":0},"end":{"line":137,"column":81}},"137":{"start":{"line":138,"column":0},"end":{"line":138,"column":5}},"138":{"start":{"line":139,"column":0},"end":{"line":139,"column":0}},"139":{"start":{"line":140,"column":0},"end":{"line":140,"column":9}},"140":{"start":{"line":141,"column":0},"end":{"line":141,"column":76}},"141":{"start":{"line":142,"column":0},"end":{"line":142,"column":0}},"142":{"start":{"line":143,"column":0},"end":{"line":143,"column":18}},"143":{"start":{"line":144,"column":0},"end":{"line":144,"column":52}},"144":{"start":{"line":145,"column":0},"end":{"line":145,"column":45}},"145":{"start":{"line":146,"column":0},"end":{"line":146,"column":11}},"146":{"start":{"line":147,"column":0},"end":{"line":147,"column":24}},"147":{"start":{"line":148,"column":0},"end":{"line":148,"column":51}},"148":{"start":{"line":149,"column":0},"end":{"line":149,"column":5}},"149":{"start":{"line":150,"column":0},"end":{"line":150,"column":2}},"150":{"start":{"line":151,"column":0},"end":{"line":151,"column":0}},"151":{"start":{"line":152,"column":0},"end":{"line":152,"column":72}},"152":{"start":{"line":153,"column":0},"end":{"line":153,"column":9}},"153":{"start":{"line":154,"column":0},"end":{"line":154,"column":84}},"154":{"start":{"line":155,"column":0},"end":{"line":155,"column":30}},"155":{"start":{"line":156,"column":0},"end":{"line":156,"column":24}},"156":{"start":{"line":157,"column":0},"end":{"line":157,"column":51}},"157":{"start":{"line":158,"column":0},"end":{"line":158,"column":5}},"158":{"start":{"line":159,"column":0},"end":{"line":159,"column":2}},"159":{"start":{"line":160,"column":0},"end":{"line":160,"column":0}},"160":{"start":{"line":161,"column":0},"end":{"line":161,"column":80}},"161":{"start":{"line":162,"column":0},"end":{"line":162,"column":32}},"162":{"start":{"line":163,"column":0},"end":{"line":163,"column":32}},"163":{"start":{"line":164,"column":0},"end":{"line":164,"column":68}},"164":{"start":{"line":165,"column":0},"end":{"line":165,"column":5}},"165":{"start":{"line":166,"column":0},"end":{"line":166,"column":61}},"166":{"start":{"line":167,"column":0},"end":{"line":167,"column":24}},"167":{"start":{"line":168,"column":0},"end":{"line":168,"column":2}},"168":{"start":{"line":169,"column":0},"end":{"line":169,"column":0}},"169":{"start":{"line":170,"column":0},"end":{"line":170,"column":78}},"170":{"start":{"line":171,"column":0},"end":{"line":171,"column":9}},"171":{"start":{"line":172,"column":0},"end":{"line":172,"column":62}},"172":{"start":{"line":173,"column":0},"end":{"line":173,"column":102}},"173":{"start":{"line":174,"column":0},"end":{"line":174,"column":36}},"174":{"start":{"line":175,"column":0},"end":{"line":175,"column":24}},"175":{"start":{"line":176,"column":0},"end":{"line":176,"column":51}},"176":{"start":{"line":177,"column":0},"end":{"line":177,"column":5}},"177":{"start":{"line":178,"column":0},"end":{"line":178,"column":2}},"178":{"start":{"line":179,"column":0},"end":{"line":179,"column":0}},"179":{"start":{"line":180,"column":0},"end":{"line":180,"column":73}},"180":{"start":{"line":181,"column":0},"end":{"line":181,"column":9}},"181":{"start":{"line":182,"column":0},"end":{"line":182,"column":49}},"182":{"start":{"line":183,"column":0},"end":{"line":183,"column":52}},"183":{"start":{"line":184,"column":0},"end":{"line":184,"column":0}},"184":{"start":{"line":185,"column":0},"end":{"line":185,"column":60}},"185":{"start":{"line":186,"column":0},"end":{"line":186,"column":19}},"186":{"start":{"line":187,"column":0},"end":{"line":187,"column":38}},"187":{"start":{"line":188,"column":0},"end":{"line":188,"column":10}},"188":{"start":{"line":189,"column":0},"end":{"line":189,"column":0}},"189":{"start":{"line":190,"column":0},"end":{"line":190,"column":18}},"190":{"start":{"line":191,"column":0},"end":{"line":191,"column":43}},"191":{"start":{"line":192,"column":0},"end":{"line":192,"column":54}},"192":{"start":{"line":193,"column":0},"end":{"line":193,"column":11}},"193":{"start":{"line":194,"column":0},"end":{"line":194,"column":0}},"194":{"start":{"line":195,"column":0},"end":{"line":195,"column":24}},"195":{"start":{"line":196,"column":0},"end":{"line":196,"column":51}},"196":{"start":{"line":197,"column":0},"end":{"line":197,"column":5}},"197":{"start":{"line":198,"column":0},"end":{"line":198,"column":2}},"198":{"start":{"line":199,"column":0},"end":{"line":199,"column":0}},"199":{"start":{"line":200,"column":0},"end":{"line":200,"column":70}},"200":{"start":{"line":201,"column":0},"end":{"line":201,"column":9}},"201":{"start":{"line":202,"column":0},"end":{"line":202,"column":49}},"202":{"start":{"line":203,"column":0},"end":{"line":203,"column":61}},"203":{"start":{"line":204,"column":0},"end":{"line":204,"column":28}},"204":{"start":{"line":205,"column":0},"end":{"line":205,"column":24}},"205":{"start":{"line":206,"column":0},"end":{"line":206,"column":51}},"206":{"start":{"line":207,"column":0},"end":{"line":207,"column":5}},"207":{"start":{"line":208,"column":0},"end":{"line":208,"column":2}}},"s":{"0":1,"1":1,"2":1,"3":1,"4":1,"5":1,"6":1,"7":1,"8":4,"9":0,"10":0,"11":4,"12":4,"13":4,"14":4,"15":0,"16":0,"17":0,"18":1,"19":1,"20":1,"21":2,"22":2,"23":2,"24":2,"25":1,"26":1,"27":1,"28":1,"29":1,"30":1,"31":1,"32":2,"33":0,"34":0,"35":2,"36":1,"37":1,"38":1,"39":1,"40":1,"41":0,"42":1,"43":1,"44":1,"45":1,"46":1,"47":1,"48":0,"49":0,"50":0,"51":0,"52":0,"53":0,"54":0,"55":0,"56":0,"57":0,"58":0,"59":0,"60":0,"61":0,"62":1,"63":1,"64":1,"65":1,"66":1,"67":1,"68":1,"69":0,"70":0,"71":1,"72":1,"73":1,"74":0,"75":0,"76":0,"77":0,"78":0,"79":0,"80":0,"81":0,"82":0,"83":0,"84":0,"85":0,"86":0,"87":0,"88":0,"89":0,"90":0,"91":0,"92":1,"93":1,"94":1,"95":1,"96":1,"97":1,"98":0,"99":0,"100":1,"101":1,"102":1,"103":1,"104":1,"105":1,"106":1,"107":0,"108":0,"109":1,"110":1,"111":1,"112":1,"113":1,"114":0,"115":0,"116":0,"117":0,"118":0,"119":0,"120":0,"121":0,"122":0,"123":0,"124":0,"125":0,"126":1,"127":1,"128":1,"129":1,"130":0,"131":0,"132":0,"133":0,"134":0,"135":0,"136":0,"137":0,"138":0,"139":0,"140":0,"141":0,"142":0,"143":0,"144":0,"145":0,"146":0,"147":0,"148":0,"149":0,"150":1,"151":1,"152":0,"153":0,"154":0,"155":0,"156":0,"157":0,"158":0,"159":1,"160":1,"161":0,"162":0,"163":0,"164":0,"165":0,"166":0,"167":0,"168":1,"169":1,"170":0,"171":0,"172":0,"173":0,"174":0,"175":0,"176":0,"177":0,"178":1,"179":1,"180":1,"181":1,"182":1,"183":1,"184":1,"185":1,"186":1,"187":1,"188":1,"189":1,"190":1,"191":1,"192":1,"193":1,"194":1,"195":0,"196":0,"197":1,"198":1,"199":1,"200":0,"201":0,"202":0,"203":0,"204":0,"205":0,"206":0,"207":0},"branchMap":{"0":{"type":"branch","line":8,"loc":{"start":{"line":8,"column":29},"end":{"line":18,"column":2}},"locations":[{"start":{"line":8,"column":29},"end":{"line":18,"column":2}}]},"1":{"type":"branch","line":9,"loc":{"start":{"line":9,"column":19},"end":{"line":11,"column":5}},"locations":[{"start":{"line":9,"column":19},"end":{"line":11,"column":5}}]},"2":{"type":"branch","line":16,"loc":{"start":{"line":16,"column":-2},"end":{"line":18,"column":2}},"locations":[{"start":{"line":16,"column":-2},"end":{"line":18,"column":2}}]},"3":{"type":"branch","line":21,"loc":{"start":{"line":21,"column":24},"end":{"line":36,"column":2}},"locations":[{"start":{"line":21,"column":24},"end":{"line":36,"column":2}}]},"4":{"type":"branch","line":24,"loc":{"start":{"line":24,"column":17},"end":{"line":24,"column":27}},"locations":[{"start":{"line":24,"column":17},"end":{"line":24,"column":27}}]},"5":{"type":"branch","line":24,"loc":{"start":{"line":24,"column":27},"end":{"line":24,"column":40}},"locations":[{"start":{"line":24,"column":27},"end":{"line":24,"column":40}}]},"6":{"type":"branch","line":25,"loc":{"start":{"line":25,"column":8},"end":{"line":33,"column":13}},"locations":[{"start":{"line":25,"column":8},"end":{"line":33,"column":13}}]},"7":{"type":"branch","line":33,"loc":{"start":{"line":33,"column":6},"end":{"line":35,"column":5}},"locations":[{"start":{"line":33,"column":6},"end":{"line":35,"column":5}}]},"8":{"type":"branch","line":38,"loc":{"start":{"line":38,"column":21},"end":{"line":46,"column":2}},"locations":[{"start":{"line":38,"column":21},"end":{"line":46,"column":2}}]},"9":{"type":"branch","line":42,"loc":{"start":{"line":42,"column":-2},"end":{"line":43,"column":13}},"locations":[{"start":{"line":42,"column":-2},"end":{"line":43,"column":13}}]},"10":{"type":"branch","line":65,"loc":{"start":{"line":65,"column":21},"end":{"line":72,"column":2}},"locations":[{"start":{"line":65,"column":21},"end":{"line":72,"column":2}}]},"11":{"type":"branch","line":69,"loc":{"start":{"line":69,"column":6},"end":{"line":71,"column":5}},"locations":[{"start":{"line":69,"column":6},"end":{"line":71,"column":5}}]},"12":{"type":"branch","line":94,"loc":{"start":{"line":94,"column":24},"end":{"line":101,"column":2}},"locations":[{"start":{"line":94,"column":24},"end":{"line":101,"column":2}}]},"13":{"type":"branch","line":98,"loc":{"start":{"line":98,"column":6},"end":{"line":100,"column":5}},"locations":[{"start":{"line":98,"column":6},"end":{"line":100,"column":5}}]},"14":{"type":"branch","line":103,"loc":{"start":{"line":103,"column":27},"end":{"line":127,"column":2}},"locations":[{"start":{"line":103,"column":27},"end":{"line":127,"column":2}}]},"15":{"type":"branch","line":107,"loc":{"start":{"line":107,"column":30},"end":{"line":109,"column":5}},"locations":[{"start":{"line":107,"column":30},"end":{"line":109,"column":5}}]},"16":{"type":"branch","line":115,"loc":{"start":{"line":115,"column":-2},"end":{"line":126,"column":5}},"locations":[{"start":{"line":115,"column":-2},"end":{"line":126,"column":5}}]},"17":{"type":"branch","line":180,"loc":{"start":{"line":180,"column":29},"end":{"line":198,"column":2}},"locations":[{"start":{"line":180,"column":29},"end":{"line":198,"column":2}}]},"18":{"type":"branch","line":195,"loc":{"start":{"line":195,"column":6},"end":{"line":197,"column":5}},"locations":[{"start":{"line":195,"column":6},"end":{"line":197,"column":5}}]}},"b":{"0":[4],"1":[0],"2":[0],"3":[2],"4":[1],"5":[1],"6":[1],"7":[0],"8":[1],"9":[0],"10":[1],"11":[0],"12":[1],"13":[0],"14":[1],"15":[0],"16":[0],"17":[1],"18":[0]},"fnMap":{"0":{"name":"getUserIdFromRequest","decl":{"start":{"line":8,"column":29},"end":{"line":18,"column":2}},"loc":{"start":{"line":8,"column":29},"end":{"line":18,"column":2}},"line":8},"1":{"name":"register","decl":{"start":{"line":21,"column":24},"end":{"line":36,"column":2}},"loc":{"start":{"line":21,"column":24},"end":{"line":36,"column":2}},"line":21},"2":{"name":"login","decl":{"start":{"line":38,"column":21},"end":{"line":46,"column":2}},"loc":{"start":{"line":38,"column":21},"end":{"line":46,"column":2}},"line":38},"3":{"name":"loginMicrosoft","decl":{"start":{"line":48,"column":30},"end":{"line":62,"column":2}},"loc":{"start":{"line":48,"column":30},"end":{"line":62,"column":2}},"line":48},"4":{"name":"getMe","decl":{"start":{"line":65,"column":21},"end":{"line":72,"column":2}},"loc":{"start":{"line":65,"column":21},"end":{"line":72,"column":2}},"line":65},"5":{"name":"updateMe","decl":{"start":{"line":74,"column":24},"end":{"line":92,"column":2}},"loc":{"start":{"line":74,"column":24},"end":{"line":92,"column":2}},"line":74},"6":{"name":"deleteMe","decl":{"start":{"line":94,"column":24},"end":{"line":101,"column":2}},"loc":{"start":{"line":94,"column":24},"end":{"line":101,"column":2}},"line":94},"7":{"name":"addFavorite","decl":{"start":{"line":103,"column":27},"end":{"line":127,"column":2}},"loc":{"start":{"line":103,"column":27},"end":{"line":127,"column":2}},"line":103},"8":{"name":"removeFavorite","decl":{"start":{"line":130,"column":30},"end":{"line":150,"column":2}},"loc":{"start":{"line":130,"column":30},"end":{"line":150,"column":2}},"line":130},"9":{"name":"getFavorites","decl":{"start":{"line":152,"column":28},"end":{"line":159,"column":2}},"loc":{"start":{"line":152,"column":28},"end":{"line":159,"column":2}},"line":152},"10":{"name":"getFavoritesByUserId","decl":{"start":{"line":161,"column":36},"end":{"line":168,"column":2}},"loc":{"start":{"line":161,"column":36},"end":{"line":168,"column":2}},"line":161},"11":{"name":"getRecommendations","decl":{"start":{"line":170,"column":34},"end":{"line":178,"column":2}},"loc":{"start":{"line":170,"column":34},"end":{"line":178,"column":2}},"line":170},"12":{"name":"updateProfile","decl":{"start":{"line":180,"column":29},"end":{"line":198,"column":2}},"loc":{"start":{"line":180,"column":29},"end":{"line":198,"column":2}},"line":180},"13":{"name":"getProfile","decl":{"start":{"line":200,"column":26},"end":{"line":208,"column":2}},"loc":{"start":{"line":200,"column":26},"end":{"line":208,"column":2}},"line":200}},"f":{"0":4,"1":2,"2":1,"3":0,"4":1,"5":0,"6":1,"7":1,"8":0,"9":0,"10":0,"11":0,"12":1,"13":0}},"C:\\Users\\Storm\\source\\repos\\KeuzeKompasJohnMango\\react-server\\src\\application\\auth\\auth.routes.ts":{"path":"C:\\Users\\Storm\\source\\repos\\KeuzeKompasJohnMango\\react-server\\src\\application\\auth\\auth.routes.ts","all":false,"statementMap":{"0":{"start":{"line":1,"column":0},"end":{"line":1,"column":33}},"1":{"start":{"line":2,"column":0},"end":{"line":2,"column":52}},"2":{"start":{"line":3,"column":0},"end":{"line":3,"column":97}},"3":{"start":{"line":4,"column":0},"end":{"line":4,"column":0}},"4":{"start":{"line":5,"column":0},"end":{"line":5,"column":24}},"5":{"start":{"line":6,"column":0},"end":{"line":6,"column":0}},"6":{"start":{"line":7,"column":0},"end":{"line":7,"column":50}},"7":{"start":{"line":8,"column":0},"end":{"line":8,"column":44}},"8":{"start":{"line":9,"column":0},"end":{"line":9,"column":69}},"9":{"start":{"line":10,"column":0},"end":{"line":10,"column":0}},"10":{"start":{"line":11,"column":0},"end":{"line":11,"column":0}},"11":{"start":{"line":12,"column":0},"end":{"line":12,"column":62}},"12":{"start":{"line":13,"column":0},"end":{"line":13,"column":65}},"13":{"start":{"line":14,"column":0},"end":{"line":14,"column":68}},"14":{"start":{"line":15,"column":0},"end":{"line":15,"column":0}},"15":{"start":{"line":16,"column":0},"end":{"line":16,"column":75}},"16":{"start":{"line":17,"column":0},"end":{"line":17,"column":78}},"17":{"start":{"line":18,"column":0},"end":{"line":18,"column":0}},"18":{"start":{"line":19,"column":0},"end":{"line":19,"column":89}},"19":{"start":{"line":20,"column":0},"end":{"line":20,"column":94}},"20":{"start":{"line":21,"column":0},"end":{"line":21,"column":79}},"21":{"start":{"line":22,"column":0},"end":{"line":22,"column":88}},"22":{"start":{"line":23,"column":0},"end":{"line":23,"column":11}},"23":{"start":{"line":24,"column":0},"end":{"line":24,"column":29}},"24":{"start":{"line":25,"column":0},"end":{"line":25,"column":13}},"25":{"start":{"line":26,"column":0},"end":{"line":26,"column":27}},"26":{"start":{"line":27,"column":0},"end":{"line":27,"column":37}},"27":{"start":{"line":28,"column":0},"end":{"line":28,"column":2}},"28":{"start":{"line":29,"column":0},"end":{"line":29,"column":0}},"29":{"start":{"line":30,"column":0},"end":{"line":30,"column":0}},"30":{"start":{"line":31,"column":0},"end":{"line":31,"column":0}},"31":{"start":{"line":32,"column":0},"end":{"line":32,"column":22}}},"s":{"0":1,"1":1,"2":1,"3":1,"4":1,"5":1,"6":1,"7":1,"8":1,"9":1,"10":1,"11":1,"12":1,"13":1,"14":1,"15":1,"16":1,"17":1,"18":1,"19":1,"20":1,"21":1,"22":1,"23":1,"24":1,"25":1,"26":1,"27":1,"28":1,"29":1,"30":1,"31":1},"branchMap":{},"b":{},"fnMap":{},"f":{}},"C:\\Users\\Storm\\source\\repos\\KeuzeKompasJohnMango\\react-server\\src\\application\\auth\\auth.service.ts":{"path":"C:\\Users\\Storm\\source\\repos\\KeuzeKompasJohnMango\\react-server\\src\\application\\auth\\auth.service.ts","all":false,"statementMap":{"0":{"start":{"line":1,"column":0},"end":{"line":1,"column":72}},"1":{"start":{"line":2,"column":0},"end":{"line":2,"column":68}},"2":{"start":{"line":3,"column":0},"end":{"line":3,"column":90}},"3":{"start":{"line":4,"column":0},"end":{"line":4,"column":90}},"4":{"start":{"line":5,"column":0},"end":{"line":5,"column":72}},"5":{"start":{"line":6,"column":0},"end":{"line":6,"column":66}},"6":{"start":{"line":7,"column":0},"end":{"line":7,"column":33}},"7":{"start":{"line":8,"column":0},"end":{"line":8,"column":36}},"8":{"start":{"line":9,"column":0},"end":{"line":9,"column":39}},"9":{"start":{"line":10,"column":0},"end":{"line":10,"column":34}},"10":{"start":{"line":11,"column":0},"end":{"line":11,"column":0}},"11":{"start":{"line":12,"column":0},"end":{"line":12,"column":15}},"12":{"start":{"line":13,"column":0},"end":{"line":13,"column":59}},"13":{"start":{"line":14,"column":0},"end":{"line":14,"column":58}},"14":{"start":{"line":15,"column":0},"end":{"line":15,"column":0}},"15":{"start":{"line":16,"column":0},"end":{"line":16,"column":27}},"16":{"start":{"line":17,"column":0},"end":{"line":17,"column":76}},"17":{"start":{"line":18,"column":0},"end":{"line":18,"column":3}},"18":{"start":{"line":19,"column":0},"end":{"line":19,"column":0}},"19":{"start":{"line":20,"column":0},"end":{"line":20,"column":45}},"20":{"start":{"line":21,"column":0},"end":{"line":21,"column":63}},"21":{"start":{"line":22,"column":0},"end":{"line":22,"column":46}},"22":{"start":{"line":23,"column":0},"end":{"line":23,"column":35}},"23":{"start":{"line":24,"column":0},"end":{"line":24,"column":7}},"24":{"start":{"line":25,"column":0},"end":{"line":25,"column":1}},"25":{"start":{"line":26,"column":0},"end":{"line":26,"column":0}},"26":{"start":{"line":27,"column":0},"end":{"line":27,"column":39}},"27":{"start":{"line":28,"column":0},"end":{"line":28,"column":20}},"28":{"start":{"line":29,"column":0},"end":{"line":29,"column":9}},"29":{"start":{"line":30,"column":0},"end":{"line":30,"column":25}},"30":{"start":{"line":31,"column":0},"end":{"line":31,"column":30}},"31":{"start":{"line":32,"column":0},"end":{"line":32,"column":25}},"32":{"start":{"line":33,"column":0},"end":{"line":33,"column":50}},"33":{"start":{"line":34,"column":0},"end":{"line":34,"column":32}},"34":{"start":{"line":35,"column":0},"end":{"line":35,"column":10}},"35":{"start":{"line":36,"column":0},"end":{"line":36,"column":32}},"36":{"start":{"line":37,"column":0},"end":{"line":37,"column":9}},"37":{"start":{"line":38,"column":0},"end":{"line":38,"column":28}},"38":{"start":{"line":39,"column":0},"end":{"line":39,"column":30}},"39":{"start":{"line":40,"column":0},"end":{"line":40,"column":33}},"40":{"start":{"line":41,"column":0},"end":{"line":41,"column":9}},"41":{"start":{"line":42,"column":0},"end":{"line":42,"column":6}},"42":{"start":{"line":43,"column":0},"end":{"line":43,"column":2}},"43":{"start":{"line":44,"column":0},"end":{"line":44,"column":0}},"44":{"start":{"line":45,"column":0},"end":{"line":45,"column":0}},"45":{"start":{"line":46,"column":0},"end":{"line":46,"column":61}},"46":{"start":{"line":47,"column":0},"end":{"line":47,"column":92}},"47":{"start":{"line":48,"column":0},"end":{"line":48,"column":108}},"48":{"start":{"line":49,"column":0},"end":{"line":49,"column":85}},"49":{"start":{"line":50,"column":0},"end":{"line":50,"column":19}},"50":{"start":{"line":51,"column":0},"end":{"line":51,"column":71}},"51":{"start":{"line":52,"column":0},"end":{"line":52,"column":60}},"52":{"start":{"line":53,"column":0},"end":{"line":53,"column":95}},"53":{"start":{"line":54,"column":0},"end":{"line":54,"column":10}},"54":{"start":{"line":55,"column":0},"end":{"line":55,"column":5}},"55":{"start":{"line":56,"column":0},"end":{"line":56,"column":2}},"56":{"start":{"line":57,"column":0},"end":{"line":57,"column":0}},"57":{"start":{"line":58,"column":0},"end":{"line":58,"column":33}},"58":{"start":{"line":59,"column":0},"end":{"line":59,"column":16}},"59":{"start":{"line":60,"column":0},"end":{"line":60,"column":31}},"60":{"start":{"line":61,"column":0},"end":{"line":61,"column":19}},"61":{"start":{"line":62,"column":0},"end":{"line":62,"column":1}},"62":{"start":{"line":63,"column":0},"end":{"line":63,"column":0}},"63":{"start":{"line":64,"column":0},"end":{"line":64,"column":62}},"64":{"start":{"line":65,"column":0},"end":{"line":65,"column":74}},"65":{"start":{"line":66,"column":0},"end":{"line":66,"column":19}},"66":{"start":{"line":67,"column":0},"end":{"line":67,"column":20}},"67":{"start":{"line":68,"column":0},"end":{"line":68,"column":19}},"68":{"start":{"line":69,"column":0},"end":{"line":69,"column":13}},"69":{"start":{"line":70,"column":0},"end":{"line":70,"column":58}},"70":{"start":{"line":71,"column":0},"end":{"line":71,"column":37}},"71":{"start":{"line":72,"column":0},"end":{"line":72,"column":14}},"72":{"start":{"line":73,"column":0},"end":{"line":73,"column":31}},"73":{"start":{"line":74,"column":0},"end":{"line":74,"column":37}},"74":{"start":{"line":75,"column":0},"end":{"line":75,"column":38}},"75":{"start":{"line":76,"column":0},"end":{"line":76,"column":13}},"76":{"start":{"line":77,"column":0},"end":{"line":77,"column":10}},"77":{"start":{"line":78,"column":0},"end":{"line":78,"column":7}},"78":{"start":{"line":79,"column":0},"end":{"line":79,"column":0}},"79":{"start":{"line":80,"column":0},"end":{"line":80,"column":40}},"80":{"start":{"line":81,"column":0},"end":{"line":81,"column":0}},"81":{"start":{"line":82,"column":0},"end":{"line":82,"column":28}},"82":{"start":{"line":83,"column":0},"end":{"line":83,"column":62}},"83":{"start":{"line":84,"column":0},"end":{"line":84,"column":59}},"84":{"start":{"line":85,"column":0},"end":{"line":85,"column":83}},"85":{"start":{"line":86,"column":0},"end":{"line":86,"column":6}},"86":{"start":{"line":87,"column":0},"end":{"line":87,"column":0}},"87":{"start":{"line":88,"column":0},"end":{"line":88,"column":43}},"88":{"start":{"line":89,"column":0},"end":{"line":89,"column":69}},"89":{"start":{"line":90,"column":0},"end":{"line":90,"column":5}},"90":{"start":{"line":91,"column":0},"end":{"line":91,"column":0}},"91":{"start":{"line":92,"column":0},"end":{"line":92,"column":69}},"92":{"start":{"line":93,"column":0},"end":{"line":93,"column":80}},"93":{"start":{"line":94,"column":0},"end":{"line":94,"column":39}},"94":{"start":{"line":95,"column":0},"end":{"line":95,"column":0}},"95":{"start":{"line":96,"column":0},"end":{"line":96,"column":33}},"96":{"start":{"line":97,"column":0},"end":{"line":97,"column":51}},"97":{"start":{"line":98,"column":0},"end":{"line":98,"column":5}},"98":{"start":{"line":99,"column":0},"end":{"line":99,"column":0}},"99":{"start":{"line":100,"column":0},"end":{"line":100,"column":26}},"100":{"start":{"line":101,"column":0},"end":{"line":101,"column":67}},"101":{"start":{"line":102,"column":0},"end":{"line":102,"column":0}},"102":{"start":{"line":103,"column":0},"end":{"line":103,"column":36}},"103":{"start":{"line":104,"column":0},"end":{"line":104,"column":55}},"104":{"start":{"line":105,"column":0},"end":{"line":105,"column":29}},"105":{"start":{"line":106,"column":0},"end":{"line":106,"column":67}},"106":{"start":{"line":107,"column":0},"end":{"line":107,"column":5}},"107":{"start":{"line":108,"column":0},"end":{"line":108,"column":0}},"108":{"start":{"line":109,"column":0},"end":{"line":109,"column":16}},"109":{"start":{"line":110,"column":0},"end":{"line":110,"column":38}},"110":{"start":{"line":111,"column":0},"end":{"line":111,"column":27}},"111":{"start":{"line":112,"column":0},"end":{"line":112,"column":18}},"112":{"start":{"line":113,"column":0},"end":{"line":113,"column":32}},"113":{"start":{"line":114,"column":0},"end":{"line":114,"column":20}},"114":{"start":{"line":115,"column":0},"end":{"line":115,"column":38}},"115":{"start":{"line":116,"column":0},"end":{"line":116,"column":39}},"116":{"start":{"line":117,"column":0},"end":{"line":117,"column":14}},"117":{"start":{"line":118,"column":0},"end":{"line":118,"column":31}},"118":{"start":{"line":119,"column":0},"end":{"line":119,"column":25}},"119":{"start":{"line":120,"column":0},"end":{"line":120,"column":11}},"120":{"start":{"line":121,"column":0},"end":{"line":121,"column":5}},"121":{"start":{"line":122,"column":0},"end":{"line":122,"column":0}},"122":{"start":{"line":123,"column":0},"end":{"line":123,"column":38}},"123":{"start":{"line":124,"column":0},"end":{"line":124,"column":0}},"124":{"start":{"line":125,"column":0},"end":{"line":125,"column":12}},"125":{"start":{"line":126,"column":0},"end":{"line":126,"column":14}},"126":{"start":{"line":127,"column":0},"end":{"line":127,"column":15}},"127":{"start":{"line":128,"column":0},"end":{"line":128,"column":25}},"128":{"start":{"line":129,"column":0},"end":{"line":129,"column":36}},"129":{"start":{"line":130,"column":0},"end":{"line":130,"column":30}},"130":{"start":{"line":131,"column":0},"end":{"line":131,"column":29}},"131":{"start":{"line":132,"column":0},"end":{"line":132,"column":9}},"132":{"start":{"line":133,"column":0},"end":{"line":133,"column":6}},"133":{"start":{"line":134,"column":0},"end":{"line":134,"column":2}},"134":{"start":{"line":135,"column":0},"end":{"line":135,"column":0}},"135":{"start":{"line":136,"column":0},"end":{"line":136,"column":0}},"136":{"start":{"line":137,"column":0},"end":{"line":137,"column":86}},"137":{"start":{"line":138,"column":0},"end":{"line":138,"column":49}},"138":{"start":{"line":139,"column":0},"end":{"line":139,"column":0}},"139":{"start":{"line":140,"column":0},"end":{"line":140,"column":58}},"140":{"start":{"line":141,"column":0},"end":{"line":141,"column":61}},"141":{"start":{"line":142,"column":0},"end":{"line":142,"column":0}},"142":{"start":{"line":143,"column":0},"end":{"line":143,"column":59}},"143":{"start":{"line":144,"column":0},"end":{"line":144,"column":27}},"144":{"start":{"line":145,"column":0},"end":{"line":145,"column":17}},"145":{"start":{"line":146,"column":0},"end":{"line":146,"column":14}},"146":{"start":{"line":147,"column":0},"end":{"line":147,"column":33}},"147":{"start":{"line":148,"column":0},"end":{"line":148,"column":28}},"148":{"start":{"line":149,"column":0},"end":{"line":149,"column":27}},"149":{"start":{"line":150,"column":0},"end":{"line":150,"column":21}},"150":{"start":{"line":151,"column":0},"end":{"line":151,"column":6}},"151":{"start":{"line":152,"column":0},"end":{"line":152,"column":0}},"152":{"start":{"line":153,"column":0},"end":{"line":153,"column":36}},"153":{"start":{"line":154,"column":0},"end":{"line":154,"column":2}},"154":{"start":{"line":155,"column":0},"end":{"line":155,"column":0}},"155":{"start":{"line":156,"column":0},"end":{"line":156,"column":65}},"156":{"start":{"line":157,"column":0},"end":{"line":157,"column":50}},"157":{"start":{"line":158,"column":0},"end":{"line":158,"column":53}},"158":{"start":{"line":159,"column":0},"end":{"line":159,"column":0}},"159":{"start":{"line":160,"column":0},"end":{"line":160,"column":38}},"160":{"start":{"line":161,"column":0},"end":{"line":161,"column":56}},"161":{"start":{"line":162,"column":0},"end":{"line":162,"column":5}},"162":{"start":{"line":163,"column":0},"end":{"line":163,"column":0}},"163":{"start":{"line":164,"column":0},"end":{"line":164,"column":25}},"164":{"start":{"line":165,"column":0},"end":{"line":165,"column":56}},"165":{"start":{"line":166,"column":0},"end":{"line":166,"column":5}},"166":{"start":{"line":167,"column":0},"end":{"line":167,"column":0}},"167":{"start":{"line":168,"column":0},"end":{"line":168,"column":66}},"168":{"start":{"line":169,"column":0},"end":{"line":169,"column":61}},"169":{"start":{"line":170,"column":0},"end":{"line":170,"column":0}},"170":{"start":{"line":171,"column":0},"end":{"line":171,"column":38}},"171":{"start":{"line":172,"column":0},"end":{"line":172,"column":0}},"172":{"start":{"line":173,"column":0},"end":{"line":173,"column":12}},"173":{"start":{"line":174,"column":0},"end":{"line":174,"column":14}},"174":{"start":{"line":175,"column":0},"end":{"line":175,"column":15}},"175":{"start":{"line":176,"column":0},"end":{"line":176,"column":25}},"176":{"start":{"line":177,"column":0},"end":{"line":177,"column":36}},"177":{"start":{"line":178,"column":0},"end":{"line":178,"column":30}},"178":{"start":{"line":179,"column":0},"end":{"line":179,"column":29}},"179":{"start":{"line":180,"column":0},"end":{"line":180,"column":9}},"180":{"start":{"line":181,"column":0},"end":{"line":181,"column":6}},"181":{"start":{"line":182,"column":0},"end":{"line":182,"column":2}},"182":{"start":{"line":183,"column":0},"end":{"line":183,"column":0}},"183":{"start":{"line":184,"column":0},"end":{"line":184,"column":48}},"184":{"start":{"line":185,"column":0},"end":{"line":185,"column":48}},"185":{"start":{"line":186,"column":0},"end":{"line":186,"column":53}},"186":{"start":{"line":187,"column":0},"end":{"line":187,"column":16}},"187":{"start":{"line":188,"column":0},"end":{"line":188,"column":2}},"188":{"start":{"line":189,"column":0},"end":{"line":189,"column":0}},"189":{"start":{"line":190,"column":0},"end":{"line":190,"column":105}},"190":{"start":{"line":191,"column":0},"end":{"line":191,"column":70}},"191":{"start":{"line":192,"column":0},"end":{"line":192,"column":0}},"192":{"start":{"line":193,"column":0},"end":{"line":193,"column":38}},"193":{"start":{"line":194,"column":0},"end":{"line":194,"column":46}},"194":{"start":{"line":195,"column":0},"end":{"line":195,"column":37}},"195":{"start":{"line":196,"column":0},"end":{"line":196,"column":69}},"196":{"start":{"line":197,"column":0},"end":{"line":197,"column":0}},"197":{"start":{"line":198,"column":0},"end":{"line":198,"column":63}},"198":{"start":{"line":199,"column":0},"end":{"line":199,"column":60}},"199":{"start":{"line":200,"column":0},"end":{"line":200,"column":23}},"200":{"start":{"line":201,"column":0},"end":{"line":201,"column":2}},"201":{"start":{"line":202,"column":0},"end":{"line":202,"column":0}},"202":{"start":{"line":203,"column":0},"end":{"line":203,"column":51}},"203":{"start":{"line":204,"column":0},"end":{"line":204,"column":34}},"204":{"start":{"line":205,"column":0},"end":{"line":205,"column":2}},"205":{"start":{"line":206,"column":0},"end":{"line":206,"column":0}},"206":{"start":{"line":207,"column":0},"end":{"line":207,"column":69}},"207":{"start":{"line":208,"column":0},"end":{"line":208,"column":45}},"208":{"start":{"line":209,"column":0},"end":{"line":209,"column":50}},"209":{"start":{"line":210,"column":0},"end":{"line":210,"column":0}},"210":{"start":{"line":211,"column":0},"end":{"line":211,"column":66}},"211":{"start":{"line":212,"column":0},"end":{"line":212,"column":0}},"212":{"start":{"line":213,"column":0},"end":{"line":213,"column":28}},"213":{"start":{"line":214,"column":0},"end":{"line":214,"column":2}},"214":{"start":{"line":215,"column":0},"end":{"line":215,"column":0}},"215":{"start":{"line":216,"column":0},"end":{"line":216,"column":72}},"216":{"start":{"line":217,"column":0},"end":{"line":217,"column":45}},"217":{"start":{"line":218,"column":0},"end":{"line":218,"column":50}},"218":{"start":{"line":219,"column":0},"end":{"line":219,"column":0}},"219":{"start":{"line":220,"column":0},"end":{"line":220,"column":69}},"220":{"start":{"line":221,"column":0},"end":{"line":221,"column":0}},"221":{"start":{"line":222,"column":0},"end":{"line":222,"column":28}},"222":{"start":{"line":223,"column":0},"end":{"line":223,"column":2}},"223":{"start":{"line":224,"column":0},"end":{"line":224,"column":0}},"224":{"start":{"line":225,"column":0},"end":{"line":225,"column":55}},"225":{"start":{"line":226,"column":0},"end":{"line":226,"column":48}},"226":{"start":{"line":227,"column":0},"end":{"line":227,"column":49}},"227":{"start":{"line":228,"column":0},"end":{"line":228,"column":41}},"228":{"start":{"line":229,"column":0},"end":{"line":229,"column":2}},"229":{"start":{"line":230,"column":0},"end":{"line":230,"column":0}},"230":{"start":{"line":231,"column":0},"end":{"line":231,"column":31}},"231":{"start":{"line":232,"column":0},"end":{"line":232,"column":35}},"232":{"start":{"line":233,"column":0},"end":{"line":233,"column":0}},"233":{"start":{"line":234,"column":0},"end":{"line":234,"column":80}},"234":{"start":{"line":235,"column":0},"end":{"line":235,"column":48}},"235":{"start":{"line":236,"column":0},"end":{"line":236,"column":49}},"236":{"start":{"line":237,"column":0},"end":{"line":237,"column":0}},"237":{"start":{"line":238,"column":0},"end":{"line":238,"column":53}},"238":{"start":{"line":239,"column":0},"end":{"line":239,"column":24}},"239":{"start":{"line":240,"column":0},"end":{"line":240,"column":40}},"240":{"start":{"line":241,"column":0},"end":{"line":241,"column":60}},"241":{"start":{"line":242,"column":0},"end":{"line":242,"column":55}},"242":{"start":{"line":243,"column":0},"end":{"line":243,"column":13}},"243":{"start":{"line":244,"column":0},"end":{"line":244,"column":0}},"244":{"start":{"line":245,"column":0},"end":{"line":245,"column":48}},"245":{"start":{"line":246,"column":0},"end":{"line":246,"column":0}},"246":{"start":{"line":247,"column":0},"end":{"line":247,"column":33}},"247":{"start":{"line":248,"column":0},"end":{"line":248,"column":23}},"248":{"start":{"line":249,"column":0},"end":{"line":249,"column":18}},"249":{"start":{"line":250,"column":0},"end":{"line":250,"column":9}},"250":{"start":{"line":251,"column":0},"end":{"line":251,"column":40}},"251":{"start":{"line":252,"column":0},"end":{"line":252,"column":37}},"252":{"start":{"line":253,"column":0},"end":{"line":253,"column":33}},"253":{"start":{"line":254,"column":0},"end":{"line":254,"column":9}},"254":{"start":{"line":255,"column":0},"end":{"line":255,"column":15}},"255":{"start":{"line":256,"column":0},"end":{"line":256,"column":41}},"256":{"start":{"line":257,"column":0},"end":{"line":257,"column":68}},"257":{"start":{"line":258,"column":0},"end":{"line":258,"column":25}},"258":{"start":{"line":259,"column":0},"end":{"line":259,"column":38}},"259":{"start":{"line":260,"column":0},"end":{"line":260,"column":62}},"260":{"start":{"line":261,"column":0},"end":{"line":261,"column":25}},"261":{"start":{"line":262,"column":0},"end":{"line":262,"column":37}},"262":{"start":{"line":263,"column":0},"end":{"line":263,"column":60}},"263":{"start":{"line":264,"column":0},"end":{"line":264,"column":25}},"264":{"start":{"line":265,"column":0},"end":{"line":265,"column":39}},"265":{"start":{"line":266,"column":0},"end":{"line":266,"column":17}},"266":{"start":{"line":267,"column":0},"end":{"line":267,"column":0}},"267":{"start":{"line":268,"column":0},"end":{"line":268,"column":0}},"268":{"start":{"line":269,"column":0},"end":{"line":269,"column":53}},"269":{"start":{"line":270,"column":0},"end":{"line":270,"column":0}},"270":{"start":{"line":271,"column":0},"end":{"line":271,"column":41}},"271":{"start":{"line":272,"column":0},"end":{"line":272,"column":39}},"272":{"start":{"line":273,"column":0},"end":{"line":273,"column":18}},"273":{"start":{"line":274,"column":0},"end":{"line":274,"column":5}},"274":{"start":{"line":275,"column":0},"end":{"line":275,"column":0}},"275":{"start":{"line":276,"column":0},"end":{"line":276,"column":0}},"276":{"start":{"line":277,"column":0},"end":{"line":277,"column":9}},"277":{"start":{"line":278,"column":0},"end":{"line":278,"column":48}},"278":{"start":{"line":279,"column":0},"end":{"line":279,"column":19}},"279":{"start":{"line":280,"column":0},"end":{"line":280,"column":41}},"280":{"start":{"line":281,"column":0},"end":{"line":281,"column":42}},"281":{"start":{"line":282,"column":0},"end":{"line":282,"column":14}},"282":{"start":{"line":283,"column":0},"end":{"line":283,"column":24}},"283":{"start":{"line":284,"column":0},"end":{"line":284,"column":11}},"284":{"start":{"line":285,"column":0},"end":{"line":285,"column":0}},"285":{"start":{"line":286,"column":0},"end":{"line":286,"column":43}},"286":{"start":{"line":287,"column":0},"end":{"line":287,"column":39}},"287":{"start":{"line":288,"column":0},"end":{"line":288,"column":73}},"288":{"start":{"line":289,"column":0},"end":{"line":289,"column":77}},"289":{"start":{"line":290,"column":0},"end":{"line":290,"column":0}},"290":{"start":{"line":291,"column":0},"end":{"line":291,"column":70}},"291":{"start":{"line":292,"column":0},"end":{"line":292,"column":38}},"292":{"start":{"line":293,"column":0},"end":{"line":293,"column":24}},"293":{"start":{"line":294,"column":0},"end":{"line":294,"column":27}},"294":{"start":{"line":295,"column":0},"end":{"line":295,"column":27}},"295":{"start":{"line":296,"column":0},"end":{"line":296,"column":97}},"296":{"start":{"line":297,"column":0},"end":{"line":297,"column":64}},"297":{"start":{"line":298,"column":0},"end":{"line":298,"column":56}},"298":{"start":{"line":299,"column":0},"end":{"line":299,"column":21}},"299":{"start":{"line":300,"column":0},"end":{"line":300,"column":18}},"300":{"start":{"line":301,"column":0},"end":{"line":301,"column":14}},"301":{"start":{"line":302,"column":0},"end":{"line":302,"column":10}},"302":{"start":{"line":303,"column":0},"end":{"line":303,"column":0}},"303":{"start":{"line":304,"column":0},"end":{"line":304,"column":36}},"304":{"start":{"line":305,"column":0},"end":{"line":305,"column":24}},"305":{"start":{"line":306,"column":0},"end":{"line":306,"column":56}},"306":{"start":{"line":307,"column":0},"end":{"line":307,"column":18}},"307":{"start":{"line":308,"column":0},"end":{"line":308,"column":5}},"308":{"start":{"line":309,"column":0},"end":{"line":309,"column":2}},"309":{"start":{"line":310,"column":0},"end":{"line":310,"column":0}},"310":{"start":{"line":311,"column":0},"end":{"line":311,"column":0}},"311":{"start":{"line":312,"column":0},"end":{"line":312,"column":36}},"312":{"start":{"line":313,"column":0},"end":{"line":313,"column":19}},"313":{"start":{"line":314,"column":0},"end":{"line":314,"column":74}},"314":{"start":{"line":315,"column":0},"end":{"line":315,"column":6}},"315":{"start":{"line":316,"column":0},"end":{"line":316,"column":41}},"316":{"start":{"line":317,"column":0},"end":{"line":317,"column":43}},"317":{"start":{"line":318,"column":0},"end":{"line":318,"column":37}},"318":{"start":{"line":319,"column":0},"end":{"line":319,"column":34}},"319":{"start":{"line":320,"column":0},"end":{"line":320,"column":6}},"320":{"start":{"line":321,"column":0},"end":{"line":321,"column":0}},"321":{"start":{"line":322,"column":0},"end":{"line":322,"column":78}},"322":{"start":{"line":323,"column":0},"end":{"line":323,"column":60}},"323":{"start":{"line":324,"column":0},"end":{"line":324,"column":0}},"324":{"start":{"line":325,"column":0},"end":{"line":325,"column":23}},"325":{"start":{"line":326,"column":0},"end":{"line":326,"column":2}},"326":{"start":{"line":327,"column":0},"end":{"line":327,"column":0}},"327":{"start":{"line":328,"column":0},"end":{"line":328,"column":0}},"328":{"start":{"line":329,"column":0},"end":{"line":329,"column":53}},"329":{"start":{"line":330,"column":0},"end":{"line":330,"column":48}},"330":{"start":{"line":331,"column":0},"end":{"line":331,"column":53}},"331":{"start":{"line":332,"column":0},"end":{"line":332,"column":0}},"332":{"start":{"line":333,"column":0},"end":{"line":333,"column":66}},"333":{"start":{"line":334,"column":0},"end":{"line":334,"column":2}}},"s":{"0":1,"1":1,"2":1,"3":1,"4":1,"5":1,"6":1,"7":1,"8":1,"9":1,"10":1,"11":1,"12":1,"13":1,"14":1,"15":1,"16":1,"17":1,"18":1,"19":0,"20":0,"21":0,"22":0,"23":0,"24":0,"25":1,"26":1,"27":1,"28":1,"29":1,"30":1,"31":1,"32":1,"33":1,"34":1,"35":1,"36":1,"37":1,"38":1,"39":1,"40":1,"41":1,"42":1,"43":1,"44":1,"45":1,"46":1,"47":12,"48":12,"49":10,"50":10,"51":10,"52":1,"53":1,"54":10,"55":12,"56":1,"57":1,"58":1,"59":1,"60":1,"61":1,"62":1,"63":1,"64":0,"65":0,"66":0,"67":0,"68":0,"69":0,"70":0,"71":0,"72":0,"73":0,"74":0,"75":0,"76":0,"77":0,"78":0,"79":0,"80":0,"81":0,"82":0,"83":0,"84":0,"85":0,"86":0,"87":0,"88":0,"89":0,"90":0,"91":0,"92":0,"93":0,"94":0,"95":0,"96":0,"97":0,"98":0,"99":0,"100":0,"101":0,"102":0,"103":0,"104":0,"105":0,"106":0,"107":0,"108":0,"109":0,"110":0,"111":0,"112":0,"113":0,"114":0,"115":0,"116":0,"117":0,"118":0,"119":0,"120":0,"121":0,"122":0,"123":0,"124":0,"125":0,"126":0,"127":0,"128":0,"129":0,"130":0,"131":0,"132":0,"133":0,"134":1,"135":1,"136":1,"137":9,"138":9,"139":9,"140":9,"141":8,"142":8,"143":8,"144":8,"145":8,"146":8,"147":8,"148":8,"149":8,"150":8,"151":8,"152":8,"153":8,"154":1,"155":1,"156":4,"157":4,"158":2,"159":3,"160":0,"161":0,"162":2,"163":3,"164":0,"165":0,"166":2,"167":2,"168":3,"169":1,"170":1,"171":1,"172":1,"173":1,"174":1,"175":1,"176":1,"177":1,"178":1,"179":1,"180":1,"181":1,"182":1,"183":1,"184":2,"185":2,"186":2,"187":2,"188":1,"189":1,"190":0,"191":0,"192":0,"193":0,"194":0,"195":0,"196":0,"197":0,"198":0,"199":0,"200":0,"201":1,"202":1,"203":1,"204":1,"205":1,"206":1,"207":2,"208":2,"209":1,"210":1,"211":1,"212":1,"213":1,"214":1,"215":1,"216":0,"217":0,"218":0,"219":0,"220":0,"221":0,"222":0,"223":1,"224":1,"225":0,"226":0,"227":0,"228":0,"229":1,"230":1,"231":1,"232":1,"233":1,"234":1,"235":1,"236":1,"237":1,"238":1,"239":1,"240":1,"241":1,"242":1,"243":1,"244":1,"245":1,"246":1,"247":1,"248":1,"249":1,"250":1,"251":1,"252":1,"253":1,"254":1,"255":0,"256":0,"257":0,"258":0,"259":0,"260":0,"261":0,"262":0,"263":0,"264":0,"265":1,"266":1,"267":1,"268":1,"269":1,"270":1,"271":1,"272":1,"273":1,"274":0,"275":0,"276":0,"277":0,"278":0,"279":0,"280":0,"281":0,"282":0,"283":0,"284":0,"285":0,"286":0,"287":0,"288":0,"289":0,"290":0,"291":0,"292":0,"293":0,"294":0,"295":0,"296":0,"297":0,"298":0,"299":0,"300":0,"301":0,"302":0,"303":0,"304":0,"305":0,"306":0,"307":0,"308":1,"309":1,"310":1,"311":1,"312":1,"313":1,"314":1,"315":1,"316":1,"317":1,"318":1,"319":1,"320":1,"321":1,"322":1,"323":1,"324":1,"325":1,"326":1,"327":1,"328":1,"329":0,"330":0,"331":0,"332":0,"333":0},"branchMap":{"0":{"type":"branch","line":27,"loc":{"start":{"line":27,"column":22},"end":{"line":43,"column":2}},"locations":[{"start":{"line":27,"column":22},"end":{"line":43,"column":2}}]},"1":{"type":"branch","line":47,"loc":{"start":{"line":47,"column":33},"end":{"line":56,"column":2}},"locations":[{"start":{"line":47,"column":33},"end":{"line":56,"column":2}}]},"2":{"type":"branch","line":48,"loc":{"start":{"line":48,"column":41},"end":{"line":48,"column":108}},"locations":[{"start":{"line":48,"column":41},"end":{"line":48,"column":108}}]},"3":{"type":"branch","line":49,"loc":{"start":{"line":49,"column":-2},"end":{"line":49,"column":42}},"locations":[{"start":{"line":49,"column":-2},"end":{"line":49,"column":42}}]},"4":{"type":"branch","line":49,"loc":{"start":{"line":49,"column":44},"end":{"line":49,"column":85}},"locations":[{"start":{"line":49,"column":44},"end":{"line":49,"column":85}}]},"5":{"type":"branch","line":50,"loc":{"start":{"line":50,"column":-2},"end":{"line":55,"column":5}},"locations":[{"start":{"line":50,"column":-2},"end":{"line":55,"column":5}}]},"6":{"type":"branch","line":52,"loc":{"start":{"line":52,"column":44},"end":{"line":54,"column":10}},"locations":[{"start":{"line":52,"column":44},"end":{"line":54,"column":10}}]},"7":{"type":"branch","line":137,"loc":{"start":{"line":137,"column":24},"end":{"line":154,"column":2}},"locations":[{"start":{"line":137,"column":24},"end":{"line":154,"column":2}}]},"8":{"type":"branch","line":141,"loc":{"start":{"line":141,"column":22},"end":{"line":141,"column":61}},"locations":[{"start":{"line":141,"column":22},"end":{"line":141,"column":61}}]},"9":{"type":"branch","line":142,"loc":{"start":{"line":142,"column":-2},"end":{"line":154,"column":2}},"locations":[{"start":{"line":142,"column":-2},"end":{"line":154,"column":2}}]},"10":{"type":"branch","line":156,"loc":{"start":{"line":156,"column":21},"end":{"line":182,"column":2}},"locations":[{"start":{"line":156,"column":21},"end":{"line":182,"column":2}}]},"11":{"type":"branch","line":158,"loc":{"start":{"line":158,"column":15},"end":{"line":158,"column":53}},"locations":[{"start":{"line":158,"column":15},"end":{"line":158,"column":53}}]},"12":{"type":"branch","line":159,"loc":{"start":{"line":159,"column":-2},"end":{"line":182,"column":2}},"locations":[{"start":{"line":159,"column":-2},"end":{"line":182,"column":2}}]},"13":{"type":"branch","line":159,"loc":{"start":{"line":159,"column":-2},"end":{"line":160,"column":37}},"locations":[{"start":{"line":159,"column":-2},"end":{"line":160,"column":37}}]},"14":{"type":"branch","line":160,"loc":{"start":{"line":160,"column":37},"end":{"line":162,"column":5}},"locations":[{"start":{"line":160,"column":37},"end":{"line":162,"column":5}}]},"15":{"type":"branch","line":163,"loc":{"start":{"line":163,"column":-2},"end":{"line":164,"column":24}},"locations":[{"start":{"line":163,"column":-2},"end":{"line":164,"column":24}}]},"16":{"type":"branch","line":164,"loc":{"start":{"line":164,"column":24},"end":{"line":166,"column":5}},"locations":[{"start":{"line":164,"column":24},"end":{"line":166,"column":5}}]},"17":{"type":"branch","line":167,"loc":{"start":{"line":167,"column":-2},"end":{"line":169,"column":24}},"locations":[{"start":{"line":167,"column":-2},"end":{"line":169,"column":24}}]},"18":{"type":"branch","line":169,"loc":{"start":{"line":169,"column":18},"end":{"line":182,"column":2}},"locations":[{"start":{"line":169,"column":18},"end":{"line":182,"column":2}}]},"19":{"type":"branch","line":184,"loc":{"start":{"line":184,"column":21},"end":{"line":188,"column":2}},"locations":[{"start":{"line":184,"column":21},"end":{"line":188,"column":2}}]},"20":{"type":"branch","line":186,"loc":{"start":{"line":186,"column":15},"end":{"line":186,"column":53}},"locations":[{"start":{"line":186,"column":15},"end":{"line":186,"column":53}}]},"21":{"type":"branch","line":203,"loc":{"start":{"line":203,"column":24},"end":{"line":205,"column":2}},"locations":[{"start":{"line":203,"column":24},"end":{"line":205,"column":2}}]},"22":{"type":"branch","line":207,"loc":{"start":{"line":207,"column":27},"end":{"line":214,"column":2}},"locations":[{"start":{"line":207,"column":27},"end":{"line":214,"column":2}}]},"23":{"type":"branch","line":209,"loc":{"start":{"line":209,"column":14},"end":{"line":214,"column":2}},"locations":[{"start":{"line":209,"column":14},"end":{"line":214,"column":2}}]},"24":{"type":"branch","line":234,"loc":{"start":{"line":234,"column":34},"end":{"line":309,"column":2}},"locations":[{"start":{"line":234,"column":34},"end":{"line":309,"column":2}}]},"25":{"type":"branch","line":236,"loc":{"start":{"line":236,"column":15},"end":{"line":236,"column":49}},"locations":[{"start":{"line":236,"column":15},"end":{"line":236,"column":49}}]},"26":{"type":"branch","line":243,"loc":{"start":{"line":243,"column":8},"end":{"line":243,"column":12}},"locations":[{"start":{"line":243,"column":8},"end":{"line":243,"column":12}}]},"27":{"type":"branch","line":255,"loc":{"start":{"line":255,"column":12},"end":{"line":265,"column":39}},"locations":[{"start":{"line":255,"column":12},"end":{"line":265,"column":39}}]},"28":{"type":"branch","line":275,"loc":{"start":{"line":275,"column":-2},"end":{"line":308,"column":5}},"locations":[{"start":{"line":275,"column":-2},"end":{"line":308,"column":5}}]},"29":{"type":"branch","line":312,"loc":{"start":{"line":312,"column":29},"end":{"line":326,"column":2}},"locations":[{"start":{"line":312,"column":29},"end":{"line":326,"column":2}}]},"30":{"type":"branch","line":317,"loc":{"start":{"line":317,"column":36},"end":{"line":317,"column":42}},"locations":[{"start":{"line":317,"column":36},"end":{"line":317,"column":42}}]},"31":{"type":"branch","line":318,"loc":{"start":{"line":318,"column":30},"end":{"line":318,"column":36}},"locations":[{"start":{"line":318,"column":30},"end":{"line":318,"column":36}}]},"32":{"type":"branch","line":319,"loc":{"start":{"line":319,"column":28},"end":{"line":319,"column":34}},"locations":[{"start":{"line":319,"column":28},"end":{"line":319,"column":34}}]},"33":{"type":"branch","line":323,"loc":{"start":{"line":323,"column":22},"end":{"line":323,"column":60}},"locations":[{"start":{"line":323,"column":22},"end":{"line":323,"column":60}}]}},"b":{"0":[1],"1":[12],"2":[1],"3":[11],"4":[1],"5":[10],"6":[1],"7":[9],"8":[1],"9":[8],"10":[4]
[...]
]},"6":{"type":"branch","line":31,"loc":{"start":{"line":31,"column":27},"end":{"line":31,"column":73}},"locations":[{"start":{"line":31,"column":27},"end":{"line":31,"column":73}}]}},"b":{"0":[6],"1":[5],"2":[1],"3":[3],"4":[2],"5":[6],"6":[7]},"fnMap":{"0":{"name":"getById","decl":{"start":{"line":9,"column":4},"end":{"line":18,"column":5}},"loc":{"start":{"line":9,"column":4},"end":{"line":18,"column":5}},"line":9},"1":{"name":"getAll","decl":{"start":{"line":20,"column":4},"end":{"line":34,"column":5}},"loc":{"start":{"line":20,"column":4},"end":{"line":34,"column":5}},"line":20}},"f":{"0":6,"1":6}},"C:\\Users\\Storm\\source\\repos\\KeuzeKompasJohnMango\\react-server\\src\\middleware\\auth.middleware.ts":{"path":"C:\\Users\\Storm\\source\\repos\\KeuzeKompasJohnMango\\react-server\\src\\middleware\\auth.middleware.ts","all":false,"statementMap":{"0":{"start":{"line":1,"column":0},"end":{"line":1,"column":56}},"1":{"start":{"line":2,"column":0},"end":{"line":2,"column":36}},"2":{"start":{"line":3,"column":0},"end":{"line":3,"column":28}},"3":{"start":{"line":4,"column":0},"end":{"line":4,"column":0}},"4":{"start":{"line":5,"column":0},"end":{"line":5,"column":16}},"5":{"start":{"line":6,"column":0},"end":{"line":6,"column":0}},"6":{"start":{"line":7,"column":0},"end":{"line":7,"column":30}},"7":{"start":{"line":8,"column":0},"end":{"line":8,"column":29}},"8":{"start":{"line":9,"column":0},"end":{"line":9,"column":15}},"9":{"start":{"line":10,"column":0},"end":{"line":10,"column":21}},"10":{"start":{"line":11,"column":0},"end":{"line":11,"column":22}},"11":{"start":{"line":12,"column":0},"end":{"line":12,"column":1}},"12":{"start":{"line":13,"column":0},"end":{"line":13,"column":0}},"13":{"start":{"line":14,"column":0},"end":{"line":14,"column":46}},"14":{"start":{"line":15,"column":0},"end":{"line":15,"column":23}},"15":{"start":{"line":16,"column":0},"end":{"line":16,"column":1}},"16":{"start":{"line":17,"column":0},"end":{"line":17,"column":0}},"17":{"start":{"line":18,"column":0},"end":{"line":18,"column":0}},"18":{"start":{"line":19,"column":0},"end":{"line":19,"column":24}},"19":{"start":{"line":20,"column":0},"end":{"line":20,"column":21}},"20":{"start":{"line":21,"column":0},"end":{"line":21,"column":18}},"21":{"start":{"line":22,"column":0},"end":{"line":22,"column":22}},"22":{"start":{"line":23,"column":0},"end":{"line":23,"column":6}},"23":{"start":{"line":24,"column":0},"end":{"line":24,"column":49}},"24":{"start":{"line":25,"column":0},"end":{"line":25,"column":70}},"25":{"start":{"line":26,"column":0},"end":{"line":26,"column":0}},"26":{"start":{"line":27,"column":0},"end":{"line":27,"column":43}},"27":{"start":{"line":28,"column":0},"end":{"line":28,"column":0}},"28":{"start":{"line":29,"column":0},"end":{"line":29,"column":9}},"29":{"start":{"line":30,"column":0},"end":{"line":30,"column":74}},"30":{"start":{"line":31,"column":0},"end":{"line":31,"column":0}},"31":{"start":{"line":32,"column":0},"end":{"line":32,"column":20}},"32":{"start":{"line":33,"column":0},"end":{"line":33,"column":25}},"33":{"start":{"line":34,"column":0},"end":{"line":34,"column":27}},"34":{"start":{"line":35,"column":0},"end":{"line":35,"column":59}},"35":{"start":{"line":36,"column":0},"end":{"line":36,"column":34}},"36":{"start":{"line":37,"column":0},"end":{"line":37,"column":10}},"37":{"start":{"line":38,"column":0},"end":{"line":38,"column":0}},"38":{"start":{"line":39,"column":0},"end":{"line":39,"column":15}},"39":{"start":{"line":40,"column":0},"end":{"line":40,"column":13}},"40":{"start":{"line":41,"column":0},"end":{"line":41,"column":62}},"41":{"start":{"line":42,"column":0},"end":{"line":42,"column":5}},"42":{"start":{"line":43,"column":0},"end":{"line":43,"column":2}},"43":{"start":{"line":44,"column":0},"end":{"line":44,"column":0}},"44":{"start":{"line":45,"column":0},"end":{"line":45,"column":34}},"45":{"start":{"line":46,"column":0},"end":{"line":46,"column":64}},"46":{"start":{"line":47,"column":0},"end":{"line":47,"column":0}},"47":{"start":{"line":48,"column":0},"end":{"line":48,"column":1}},"48":{"start":{"line":49,"column":0},"end":{"line":49,"column":0}},"49":{"start":{"line":50,"column":0},"end":{"line":50,"column":22}},"50":{"start":{"line":51,"column":0},"end":{"line":51,"column":36}},"51":{"start":{"line":52,"column":0},"end":{"line":52,"column":29}},"52":{"start":{"line":53,"column":0},"end":{"line":53,"column":28}},"53":{"start":{"line":54,"column":0},"end":{"line":54,"column":5}},"54":{"start":{"line":55,"column":0},"end":{"line":55,"column":2}},"55":{"start":{"line":56,"column":0},"end":{"line":56,"column":0}},"56":{"start":{"line":57,"column":0},"end":{"line":57,"column":27}},"57":{"start":{"line":58,"column":0},"end":{"line":58,"column":21}},"58":{"start":{"line":59,"column":0},"end":{"line":59,"column":18}},"59":{"start":{"line":60,"column":0},"end":{"line":60,"column":22}},"60":{"start":{"line":61,"column":0},"end":{"line":61,"column":6}},"61":{"start":{"line":62,"column":0},"end":{"line":62,"column":43}},"62":{"start":{"line":63,"column":0},"end":{"line":63,"column":73}},"63":{"start":{"line":64,"column":0},"end":{"line":64,"column":41}},"64":{"start":{"line":65,"column":0},"end":{"line":65,"column":74}},"65":{"start":{"line":66,"column":0},"end":{"line":66,"column":0}},"66":{"start":{"line":67,"column":0},"end":{"line":67,"column":16}},"67":{"start":{"line":68,"column":0},"end":{"line":68,"column":24}},"68":{"start":{"line":69,"column":0},"end":{"line":69,"column":23}},"69":{"start":{"line":70,"column":0},"end":{"line":70,"column":30}},"70":{"start":{"line":71,"column":0},"end":{"line":71,"column":6}},"71":{"start":{"line":72,"column":0},"end":{"line":72,"column":0}},"72":{"start":{"line":73,"column":0},"end":{"line":73,"column":11}},"73":{"start":{"line":74,"column":0},"end":{"line":74,"column":2}},"74":{"start":{"line":75,"column":0},"end":{"line":75,"column":0}},"75":{"start":{"line":76,"column":0},"end":{"line":76,"column":48}},"76":{"start":{"line":77,"column":0},"end":{"line":77,"column":69}},"77":{"start":{"line":78,"column":0},"end":{"line":78,"column":49}},"78":{"start":{"line":79,"column":0},"end":{"line":79,"column":62}},"79":{"start":{"line":80,"column":0},"end":{"line":80,"column":9}},"80":{"start":{"line":81,"column":0},"end":{"line":81,"column":15}},"81":{"start":{"line":82,"column":0},"end":{"line":82,"column":6}},"82":{"start":{"line":83,"column":0},"end":{"line":83,"column":2}},"83":{"start":{"line":84,"column":0},"end":{"line":84,"column":0}},"84":{"start":{"line":85,"column":0},"end":{"line":85,"column":28}},"85":{"start":{"line":86,"column":0},"end":{"line":86,"column":21}},"86":{"start":{"line":87,"column":0},"end":{"line":87,"column":18}},"87":{"start":{"line":88,"column":0},"end":{"line":88,"column":22}},"88":{"start":{"line":89,"column":0},"end":{"line":89,"column":6}},"89":{"start":{"line":90,"column":0},"end":{"line":90,"column":36}},"90":{"start":{"line":91,"column":0},"end":{"line":91,"column":65}},"91":{"start":{"line":92,"column":0},"end":{"line":92,"column":5}},"92":{"start":{"line":93,"column":0},"end":{"line":93,"column":11}},"93":{"start":{"line":94,"column":0},"end":{"line":94,"column":2}},"94":{"start":{"line":95,"column":0},"end":{"line":95,"column":0}},"95":{"start":{"line":96,"column":0},"end":{"line":96,"column":31}},"96":{"start":{"line":97,"column":0},"end":{"line":97,"column":21}},"97":{"start":{"line":98,"column":0},"end":{"line":98,"column":18}},"98":{"start":{"line":99,"column":0},"end":{"line":99,"column":22}},"99":{"start":{"line":100,"column":0},"end":{"line":100,"column":6}},"100":{"start":{"line":101,"column":0},"end":{"line":101,"column":28}},"101":{"start":{"line":102,"column":0},"end":{"line":102,"column":36}},"102":{"start":{"line":103,"column":0},"end":{"line":103,"column":39}},"103":{"start":{"line":104,"column":0},"end":{"line":104,"column":5}},"104":{"start":{"line":105,"column":0},"end":{"line":105,"column":0}},"105":{"start":{"line":106,"column":0},"end":{"line":106,"column":26}},"106":{"start":{"line":107,"column":0},"end":{"line":107,"column":35}},"107":{"start":{"line":108,"column":0},"end":{"line":108,"column":42}},"108":{"start":{"line":109,"column":0},"end":{"line":109,"column":5}},"109":{"start":{"line":110,"column":0},"end":{"line":110,"column":0}},"110":{"start":{"line":111,"column":0},"end":{"line":111,"column":33}},"111":{"start":{"line":112,"column":0},"end":{"line":112,"column":57}},"112":{"start":{"line":113,"column":0},"end":{"line":113,"column":7}},"113":{"start":{"line":114,"column":0},"end":{"line":114,"column":2}}},"s":{"0":1,"1":1,"2":1,"3":1,"4":1,"5":1,"6":1,"7":1,"8":1,"9":1,"10":1,"11":1,"12":1,"13":1,"14":1,"15":1,"16":1,"17":1,"18":1,"19":1,"20":1,"21":1,"22":1,"23":1,"24":1,"25":1,"26":1,"27":1,"28":1,"29":1,"30":1,"31":1,"32":1,"33":1,"34":1,"35":1,"36":1,"37":1,"38":1,"39":1,"40":1,"41":1,"42":1,"43":1,"44":1,"45":0,"46":0,"47":0,"48":1,"49":1,"50":1,"51":1,"52":1,"53":1,"54":1,"55":1,"56":1,"57":1,"58":1,"59":1,"60":1,"61":1,"62":1,"63":1,"64":1,"65":0,"66":0,"67":0,"68":0,"69":0,"70":0,"71":0,"72":0,"73":0,"74":1,"75":1,"76":0,"77":0,"78":0,"79":0,"80":0,"81":0,"82":0,"83":1,"84":1,"85":0,"86":0,"87":0,"88":0,"89":0,"90":0,"91":0,"92":0,"93":0,"94":1,"95":1,"96":0,"97":0,"98":0,"99":0,"100":0,"101":0,"102":0,"103":0,"104":0,"105":0,"106":0,"107":0,"108":0,"109":0,"110":0,"111":0,"112":0,"113":0},"branchMap":{"0":{"type":"branch","line":45,"loc":{"start":{"line":45,"column":33},"end":{"line":48,"column":1}},"locations":[{"start":{"line":45,"column":33},"end":{"line":48,"column":1}}]},"1":{"type":"branch","line":19,"loc":{"start":{"line":19,"column":23},"end":{"line":43,"column":2}},"locations":[{"start":{"line":19,"column":23},"end":{"line":43,"column":2}}]},"2":{"type":"branch","line":25,"loc":{"start":{"line":25,"column":21},"end":{"line":25,"column":70}},"locations":[{"start":{"line":25,"column":21},"end":{"line":25,"column":70}}]},"3":{"type":"branch","line":57,"loc":{"start":{"line":57,"column":26},"end":{"line":74,"column":2}},"locations":[{"start":{"line":57,"column":26},"end":{"line":74,"column":2}}]},"4":{"type":"branch","line":63,"loc":{"start":{"line":63,"column":17},"end":{"line":63,"column":73}},"locations":[{"start":{"line":63,"column":17},"end":{"line":63,"column":73}}]},"5":{"type":"branch","line":66,"loc":{"start":{"line":66,"column":-2},"end":{"line":74,"column":2}},"locations":[{"start":{"line":66,"column":-2},"end":{"line":74,"column":2}}]}},"b":{"0":[0],"1":[1],"2":[0],"3":[1],"4":[0],"5":[0]},"fnMap":{"0":{"name":"jwtAuth","decl":{"start":{"line":19,"column":23},"end":{"line":43,"column":2}},"loc":{"start":{"line":19,"column":23},"end":{"line":43,"column":2}},"line":19},"1":{"name":"apiKeyAuth","decl":{"start":{"line":57,"column":26},"end":{"line":74,"column":2}},"loc":{"start":{"line":57,"column":26},"end":{"line":74,"column":2}},"line":57},"2":{"name":"requireScope","decl":{"start":{"line":76,"column":28},"end":{"line":83,"column":2}},"loc":{"start":{"line":76,"column":28},"end":{"line":83,"column":2}},"line":76},"3":{"name":"requireUser","decl":{"start":{"line":85,"column":27},"end":{"line":94,"column":2}},"loc":{"start":{"line":85,"column":27},"end":{"line":94,"column":2}},"line":85},"4":{"name":"authMiddleware","decl":{"start":{"line":96,"column":30},"end":{"line":114,"column":2}},"loc":{"start":{"line":96,"column":30},"end":{"line":114,"column":2}},"line":96}},"f":{"0":1,"1":1,"2":0,"3":0,"4":0}},"C:\\Users\\Storm\\source\\repos\\KeuzeKompasJohnMango\\react-server\\src\\middleware\\roles.middleware.ts":{"path":"C:\\Users\\Storm\\source\\repos\\KeuzeKompasJohnMango\\react-server\\src\\middleware\\roles.middleware.ts","all":false,"statementMap":{"0":{"start":{"line":1,"column":0},"end":{"line":1,"column":49}},"1":{"start":{"line":2,"column":0},"end":{"line":2,"column":48}},"2":{"start":{"line":3,"column":0},"end":{"line":3,"column":0}},"3":{"start":{"line":4,"column":0},"end":{"line":4,"column":46}},"4":{"start":{"line":5,"column":0},"end":{"line":5,"column":69}},"5":{"start":{"line":6,"column":0},"end":{"line":6,"column":47}},"6":{"start":{"line":7,"column":0},"end":{"line":7,"column":79}},"7":{"start":{"line":8,"column":0},"end":{"line":8,"column":9}},"8":{"start":{"line":9,"column":0},"end":{"line":9,"column":15}},"9":{"start":{"line":10,"column":0},"end":{"line":10,"column":6}},"10":{"start":{"line":11,"column":0},"end":{"line":11,"column":2}}},"s":{"0":1,"1":1,"2":1,"3":1,"4":4,"5":0,"6":0,"7":0,"8":0,"9":4,"10":4},"branchMap":{"0":{"type":"branch","line":4,"loc":{"start":{"line":4,"column":27},"end":{"line":11,"column":2}},"locations":[{"start":{"line":4,"column":27},"end":{"line":11,"column":2}}]}},"b":{"0":[4]},"fnMap":{"0":{"name":"requireRole","decl":{"start":{"line":4,"column":27},"end":{"line":11,"column":2}},"loc":{"start":{"line":4,"column":27},"end":{"line":11,"column":2}},"line":4}},"f":{"0":4}},"C:\\Users\\Storm\\source\\repos\\KeuzeKompasJohnMango\\react-server\\src\\server.ts":{"path":"C:\\Users\\Storm\\source\\repos\\KeuzeKompasJohnMango\\react-server\\src\\server.ts","all":false,"statementMap":{"0":{"start":{"line":1,"column":0},"end":{"line":1,"column":43}},"1":{"start":{"line":2,"column":0},"end":{"line":2,"column":30}},"2":{"start":{"line":3,"column":0},"end":{"line":3,"column":28}},"3":{"start":{"line":4,"column":0},"end":{"line":4,"column":24}},"4":{"start":{"line":5,"column":0},"end":{"line":5,"column":28}},"5":{"start":{"line":6,"column":0},"end":{"line":6,"column":0}},"6":{"start":{"line":7,"column":0},"end":{"line":7,"column":16}},"7":{"start":{"line":8,"column":0},"end":{"line":8,"column":46}},"8":{"start":{"line":9,"column":0},"end":{"line":9,"column":55}},"9":{"start":{"line":10,"column":0},"end":{"line":10,"column":56}},"10":{"start":{"line":11,"column":0},"end":{"line":11,"column":59}},"11":{"start":{"line":12,"column":0},"end":{"line":12,"column":65}},"12":{"start":{"line":13,"column":0},"end":{"line":13,"column":0}},"13":{"start":{"line":14,"column":0},"end":{"line":14,"column":60}},"14":{"start":{"line":15,"column":0},"end":{"line":15,"column":29}},"15":{"start":{"line":16,"column":0},"end":{"line":16,"column":0}},"16":{"start":{"line":17,"column":0},"end":{"line":17,"column":0}},"17":{"start":{"line":18,"column":0},"end":{"line":18,"column":29}},"18":{"start":{"line":19,"column":0},"end":{"line":19,"column":18}},"19":{"start":{"line":20,"column":0},"end":{"line":20,"column":38}},"20":{"start":{"line":21,"column":0},"end":{"line":21,"column":0}},"21":{"start":{"line":22,"column":0},"end":{"line":22,"column":16}},"22":{"start":{"line":23,"column":0},"end":{"line":23,"column":16}},"23":{"start":{"line":24,"column":0},"end":{"line":24,"column":24}},"24":{"start":{"line":25,"column":0},"end":{"line":25,"column":0}},"25":{"start":{"line":26,"column":0},"end":{"line":26,"column":24}},"26":{"start":{"line":27,"column":0},"end":{"line":27,"column":38}},"27":{"start":{"line":28,"column":0},"end":{"line":28,"column":33}},"28":{"start":{"line":29,"column":0},"end":{"line":29,"column":69}},"29":{"start":{"line":30,"column":0},"end":{"line":30,"column":5}},"30":{"start":{"line":31,"column":0},"end":{"line":31,"column":0}},"31":{"start":{"line":32,"column":0},"end":{"line":32,"column":49}},"32":{"start":{"line":33,"column":0},"end":{"line":33,"column":24}},"33":{"start":{"line":34,"column":0},"end":{"line":34,"column":81}},"34":{"start":{"line":35,"column":0},"end":{"line":35,"column":7}},"35":{"start":{"line":36,"column":0},"end":{"line":36,"column":1}},"36":{"start":{"line":37,"column":0},"end":{"line":37,"column":55}},"37":{"start":{"line":38,"column":0},"end":{"line":38,"column":26}},"38":{"start":{"line":39,"column":0},"end":{"line":39,"column":0}},"39":{"start":{"line":40,"column":0},"end":{"line":40,"column":30}},"40":{"start":{"line":41,"column":0},"end":{"line":41,"column":26}},"41":{"start":{"line":42,"column":0},"end":{"line":42,"column":11}},"42":{"start":{"line":43,"column":0},"end":{"line":43,"column":24}},"43":{"start":{"line":44,"column":0},"end":{"line":44,"column":23}},"44":{"start":{"line":45,"column":0},"end":{"line":45,"column":74}},"45":{"start":{"line":46,"column":0},"end":{"line":46,"column":3}},"46":{"start":{"line":47,"column":0},"end":{"line":47,"column":0}},"47":{"start":{"line":48,"column":0},"end":{"line":48,"column":42}},"48":{"start":{"line":49,"column":0},"end":{"line":49,"column":29}},"49":{"start":{"line":50,"column":0},"end":{"line":50,"column":0}},"50":{"start":{"line":51,"column":0},"end":{"line":51,"column":16}},"51":{"start":{"line":52,"column":0},"end":{"line":52,"column":33}},"52":{"start":{"line":53,"column":0},"end":{"line":53,"column":33}},"53":{"start":{"line":54,"column":0},"end":{"line":54,"column":35}},"54":{"start":{"line":55,"column":0},"end":{"line":55,"column":39}},"55":{"start":{"line":56,"column":0},"end":{"line":56,"column":0}},"56":{"start":{"line":57,"column":0},"end":{"line":57,"column":35}},"57":{"start":{"line":58,"column":0},"end":{"line":58,"column":49}},"58":{"start":{"line":59,"column":0},"end":{"line":59,"column":27}},"59":{"start":{"line":60,"column":0},"end":{"line":60,"column":91}},"60":{"start":{"line":61,"column":0},"end":{"line":61,"column":46}},"61":{"start":{"line":62,"column":0},"end":{"line":62,"column":59}},"62":{"start":{"line":63,"column":0},"end":{"line":63,"column":32}},"63":{"start":{"line":64,"column":0},"end":{"line":64,"column":93}},"64":{"start":{"line":65,"column":0},"end":{"line":65,"column":13}},"65":{"start":{"line":66,"column":0},"end":{"line":66,"column":11}},"66":{"start":{"line":67,"column":0},"end":{"line":67,"column":5}},"67":{"start":{"line":68,"column":0},"end":{"line":68,"column":3}},"68":{"start":{"line":69,"column":0},"end":{"line":69,"column":0}},"69":{"start":{"line":70,"column":0},"end":{"line":70,"column":63}},"70":{"start":{"line":71,"column":0},"end":{"line":71,"column":69}},"71":{"start":{"line":72,"column":0},"end":{"line":72,"column":41}},"72":{"start":{"line":73,"column":0},"end":{"line":73,"column":0}},"73":{"start":{"line":74,"column":0},"end":{"line":74,"column":43}},"74":{"start":{"line":75,"column":0},"end":{"line":75,"column":36}},"75":{"start":{"line":76,"column":0},"end":{"line":76,"column":59}},"76":{"start":{"line":77,"column":0},"end":{"line":77,"column":3}},"77":{"start":{"line":78,"column":0},"end":{"line":78,"column":0}},"78":{"start":{"line":79,"column":0},"end":{"line":79,"column":20}},"79":{"start":{"line":80,"column":0},"end":{"line":80,"column":73}},"80":{"start":{"line":81,"column":0},"end":{"line":81,"column":0}},"81":{"start":{"line":82,"column":0},"end":{"line":82,"column":19}}},"s":{"0":1,"1":1,"2":1,"3":1,"4":1,"5":1,"6":1,"7":1,"8":1,"9":1,"10":1,"11":1,"12":1,"13":1,"14":1,"15":1,"16":1,"17":1,"18":1,"19":1,"20":1,"21":1,"22":1,"23":1,"24":1,"25":1,"26":1,"27":0,"28":0,"29":0,"30":0,"31":0,"32":0,"33":0,"34":0,"35":0,"36":1,"37":1,"38":1,"39":1,"40":1,"41":1,"42":1,"43":1,"44":1,"45":1,"46":1,"47":1,"48":1,"49":1,"50":1,"51":1,"52":1,"53":1,"54":1,"55":1,"56":1,"57":1,"58":0,"59":0,"60":0,"61":0,"62":0,"63":0,"64":0,"65":0,"66":0,"67":1,"68":1,"69":1,"70":1,"71":1,"72":1,"73":1,"74":1,"75":0,"76":1,"77":1,"78":1,"79":1,"80":1,"81":1},"branchMap":{"0":{"type":"branch","line":20,"loc":{"start":{"line":20,"column":29},"end":{"line":20,"column":37}},"locations":[{"start":{"line":20,"column":29},"end":{"line":20,"column":37}}]},"1":{"type":"branch","line":27,"loc":{"start":{"line":27,"column":37},"end":{"line":36,"column":1}},"locations":[{"start":{"line":27,"column":37},"end":{"line":36,"column":1}}]},"2":{"type":"branch","line":58,"loc":{"start":{"line":58,"column":11},"end":{"line":58,"column":18}},"locations":[{"start":{"line":58,"column":11},"end":{"line":58,"column":18}}]},"3":{"type":"branch","line":80,"loc":{"start":{"line":80,"column":17},"end":{"line":80,"column":71}},"locations":[{"start":{"line":80,"column":17},"end":{"line":80,"column":71}}]}},"b":{"0":[0],"1":[0],"2":[0],"3":[2]},"fnMap":{},"f":{}}}}
